2025-12-17 02:03:33,927 - database - INFO - ✅ تم تجهيز قاعدة البيانات بنجاح
2025-12-17 02:03:33,927 - __main__ - INFO - 
╔══════════════════════════════════════════════════╗
║     🚀 بدء فحص المنتجات - 2025-12-17 02:03:33     ║
╚══════════════════════════════════════════════════╝
        
2025-12-17 02:03:33,927 - __main__ - INFO - 🔍 التحقق من الإعدادات...
2025-12-17 02:03:33,927 - __main__ - INFO - ✅ telegram_token: صحيح
2025-12-17 02:03:33,927 - __main__ - INFO - ✅ telegram_chat_id: صحيح
2025-12-17 02:03:33,928 - __main__ - INFO - ✅ category_url: صحيح
2025-12-17 02:03:33,928 - __main__ - INFO - 🔍 اختبار الاتصالات...
2025-12-17 02:03:33,928 - scraper - INFO - 📡 طلب الصفحة: https://almusbahlight.com/categories/888805/%D8%AB%D8%B1%D9%8A%D8%A7%D8%AA-%D9%83%D8%B1%D9%8A%D8%B3%D8%AA%D8%A7%D9%84 (محاولة 1/3)
2025-12-17 02:03:34,315 - scraper - INFO - ✅ الاتصال بالموقع ناجح
2025-12-17 02:03:34,533 - notifier - INFO - ✅ الاتصال بالتيليجرام ناجح - البوت: AlmusbahMonitor
2025-12-17 02:03:34,534 - __main__ - INFO - ✅ جميع الفحوصات نجحت!
2025-12-17 02:03:34,535 - __main__ - INFO - 💾 إنشاء نسخة احتياطية...
2025-12-17 02:03:34,535 - database - INFO - ✅ تم إنشاء نسخة احتياطية: backups/products_backup_20251217_020334.db
2025-12-17 02:03:34,535 - __main__ - INFO - 📂 تحميل البيانات المحفوظة...
2025-12-17 02:03:34,535 - __main__ - INFO - ✅ تم تحميل 0 منتج من قاعدة البيانات
2025-12-17 02:03:34,535 - __main__ - INFO - 🕷️ بدء سحب البيانات من الموقع...
2025-12-17 02:03:34,536 - scraper - INFO - 🚀 بدء فحص القسم: https://almusbahlight.com/categories/888805/%D8%AB%D8%B1%D9%8A%D8%A7%D8%AA-%D9%83%D8%B1%D9%8A%D8%B3%D8%AA%D8%A7%D9%84
2025-12-17 02:03:34,536 - scraper - INFO - 📡 طلب الصفحة: https://almusbahlight.com/categories/888805/%D8%AB%D8%B1%D9%8A%D8%A7%D8%AA-%D9%83%D8%B1%D9%8A%D8%B3%D8%AA%D8%A7%D9%84?page=1 (محاولة 1/3)
2025-12-17 02:03:37,724 - scraper - INFO - 🏁 لا توجد منتجات في الصفحة 1 - الانتهاء
2025-12-17 02:03:37,724 - scraper - INFO - 
╔════════════════════════════════════════╗
║        تقرير السكرابر النهائي          ║
╠════════════════════════════════════════╣
║ 📄 الصفحات المعالجة:                0 ║
║ 📦 المنتجات المكتشفة:               0 ║
║ ❌ الأخطاء:                         0 ║
╚════════════════════════════════════════╝
        
2025-12-17 02:03:37,724 - __main__ - INFO - ✅ تم سحب 0 منتج من الموقع
2025-12-17 02:03:37,724 - __main__ - INFO - 🔍 تحليل التغييرات...
2025-12-17 02:03:37,724 - __main__ - INFO - 💾 تحديث قاعدة البيانات...
2025-12-17 02:03:37,724 - __main__ - INFO - 📭 لا توجد إشعارات للإرسال
2025-12-17 02:03:37,729 - __main__ - INFO - 📊 إرسال تقرير الملخص...
2025-12-17 02:03:38,008 - __main__ - INFO - 
╔══════════════════════════════════════════════════╗
║              📊 تقرير الفحص النهائي               ║
╠══════════════════════════════════════════════════╣
║ ⏱️  المدة: 4.08 ثانية                          ║
║ 📦 إجمالي المنتجات: 0                          ║
║ ✅ المتوفرة: 0                                 ║
║ ❌ غير المتوفرة: 0                             ║
║                                                  ║
║ 🔄 التغييرات المكتشفة:                           ║
║ • منتجات جديدة: 0                             ║
║ • نفاد كمية: 0                                ║
║ • عودة توفر: 0                                ║
║ • منتجات محذوفة: 0                           ║
║ • تغييرات أسعار: 0                           ║
╠══════════════════════════════════════════════════╣
║           ✅ اكتمل الفحص بنجاح                    ║
╚══════════════════════════════════════════════════╝
            
2025-12-17 02:38:04,634 - database - INFO - ✅ تم تجهيز قاعدة البيانات بنجاح
2025-12-17 02:38:04,635 - __main__ - INFO - 
╔══════════════════════════════════════════════════╗
║     🚀 بدء فحص المنتجات - 2025-12-17 02:38:04     ║
╚══════════════════════════════════════════════════╝
        
2025-12-17 02:38:04,635 - __main__ - INFO - 🔍 التحقق من الإعدادات...
2025-12-17 02:38:04,635 - __main__ - INFO - ❌ telegram_token: خطأ
2025-12-17 02:38:04,635 - __main__ - INFO - ❌ telegram_chat_id: خطأ
2025-12-17 02:38:04,635 - __main__ - INFO - ✅ category_url: صحيح
2025-12-17 02:38:04,635 - __main__ - ERROR - ❌ فشل التحقق من الإعدادات!
2025-12-17 02:38:04,635 - __main__ - ERROR - ❌ فشل التحقق من الإعداد. إنهاء البرنامج.
2025-12-17 02:40:58,947 - database - INFO - ✅ تم تجهيز قاعدة البيانات بنجاح
2025-12-17 02:40:58,947 - __main__ - INFO - 
╔══════════════════════════════════════════════════╗
║     🚀 بدء فحص المنتجات - 2025-12-17 02:40:58     ║
╚══════════════════════════════════════════════════╝
        
2025-12-17 02:40:58,947 - __main__ - INFO - 🔍 التحقق من الإعدادات...
2025-12-17 02:40:58,947 - __main__ - INFO - ✅ telegram_token: صحيح
2025-12-17 02:40:58,947 - __main__ - INFO - ✅ telegram_chat_id: صحيح
2025-12-17 02:40:58,948 - __main__ - INFO - ✅ category_url: صحيح
2025-12-17 02:40:58,948 - __main__ - INFO - 🔍 اختبار الاتصالات...
2025-12-17 02:40:58,948 - scraper - INFO - 📡 طلب الصفحة: https://almusbahlight.com/categories/888805/%D8%AB%D8%B1%D9%8A%D8%A7%D8%AA-%D9%83%D8%B1%D9%8A%D8%B3%D8%AA%D8%A7%D9%84 (محاولة 1/3)
2025-12-17 02:41:00,634 - scraper - INFO - ✅ الاتصال بالموقع ناجح
2025-12-17 02:41:00,917 - notifier - INFO - ✅ الاتصال بالتيليجرام ناجح - البوت: AlmusbahMonitor
2025-12-17 02:41:00,918 - __main__ - INFO - ✅ جميع الفحوصات نجحت!
2025-12-17 02:41:00,919 - __main__ - INFO - 💾 إنشاء نسخة احتياطية...
2025-12-17 02:41:00,919 - database - INFO - ✅ تم إنشاء نسخة احتياطية: backups/products_backup_20251217_024100.db
2025-12-17 02:41:00,919 - __main__ - INFO - 📂 تحميل البيانات المحفوظة...
2025-12-17 02:41:00,920 - __main__ - INFO - ✅ تم تحميل 0 منتج من قاعدة البيانات
2025-12-17 02:41:00,920 - __main__ - INFO - 🕷️ بدء سحب البيانات من الموقع...
2025-12-17 02:41:00,920 - scraper - INFO - 🚀 بدء فحص القسم: https://almusbahlight.com/categories/888805/%D8%AB%D8%B1%D9%8A%D8%A7%D8%AA-%D9%83%D8%B1%D9%8A%D8%B3%D8%AA%D8%A7%D9%84
2025-12-17 02:41:00,920 - scraper - INFO - 📡 طلب الصفحة: https://almusbahlight.com/categories/888805/%D8%AB%D8%B1%D9%8A%D8%A7%D8%AA-%D9%83%D8%B1%D9%8A%D8%B3%D8%AA%D8%A7%D9%84?page=1 (محاولة 1/3)
2025-12-17 02:41:01,903 - scraper - INFO - 🏁 لا توجد منتجات في الصفحة 1 - الانتهاء
2025-12-17 02:41:01,903 - scraper - INFO - 
╔════════════════════════════════════════╗
║        تقرير السكرابر النهائي          ║
╠════════════════════════════════════════╣
║ 📄 الصفحات المعالجة:                0 ║
║ 📦 المنتجات المكتشفة:               0 ║
║ ❌ الأخطاء:                         0 ║
╚════════════════════════════════════════╝
        
2025-12-17 02:41:01,904 - __main__ - INFO - ✅ تم سحب 0 منتج من الموقع
2025-12-17 02:41:01,904 - __main__ - INFO - 🔍 تحليل التغييرات...
2025-12-17 02:41:01,904 - __main__ - INFO - 💾 تحديث قاعدة البيانات...
2025-12-17 02:41:01,904 - __main__ - INFO - 📭 لا توجد إشعارات للإرسال
2025-12-17 02:41:01,909 - __main__ - INFO - 📊 إرسال تقرير الملخص...
2025-12-17 02:41:02,157 - __main__ - INFO - 
╔══════════════════════════════════════════════════╗
║              📊 تقرير الفحص النهائي               ║
╠══════════════════════════════════════════════════╣
║ ⏱️  المدة: 3.21 ثانية                          ║
║ 📦 إجمالي المنتجات: 0                          ║
║ ✅ المتوفرة: 0                                 ║
║ ❌ غير المتوفرة: 0                             ║
║                                                  ║
║ 🔄 التغييرات المكتشفة:                           ║
║ • منتجات جديدة: 0                             ║
║ • نفاد كمية: 0                                ║
║ • عودة توفر: 0                                ║
║ • منتجات محذوفة: 0                           ║
║ • تغييرات أسعار: 0                           ║
╠══════════════════════════════════════════════════╣
║           ✅ اكتمل الفحص بنجاح                    ║
╚══════════════════════════════════════════════════╝
            
2025-12-17 02:46:42,378 - database - INFO - ✅ تم تجهيز قاعدة البيانات بنجاح
2025-12-17 02:46:42,378 - __main__ - INFO - 
╔══════════════════════════════════════════════════╗
║     🚀 بدء فحص المنتجات - 2025-12-17 02:46:42     ║
╚══════════════════════════════════════════════════╝
        
2025-12-17 02:46:42,378 - __main__ - INFO - 🔍 التحقق من الإعدادات...
2025-12-17 02:46:42,378 - __main__ - INFO - ✅ telegram_token: صحيح
2025-12-17 02:46:42,378 - __main__ - INFO - ✅ telegram_chat_id: صحيح
2025-12-17 02:46:42,379 - __main__ - INFO - ✅ category_url: صحيح
2025-12-17 02:46:42,379 - __main__ - INFO - 🔍 اختبار الاتصالات...
2025-12-17 02:46:42,379 - scraper - INFO - 📡 طلب الصفحة: https://almusbahlight.com/categories/888805/%D8%AB%D8%B1%D9%8A%D8%A7%D8%AA-%D9%83%D8%B1%D9%8A%D8%B3%D8%AA%D8%A7%D9%84 (محاولة 1/3)
2025-12-17 02:46:44,408 - notifier - INFO - ✅ الاتصال بالتيليجرام ناجح - البوت: AlmusbahMonitor
2025-12-17 02:46:44,409 - __main__ - INFO - ✅ جميع الفحوصات نجحت!
2025-12-17 02:46:44,409 - __main__ - INFO - 💾 إنشاء نسخة احتياطية...
2025-12-17 02:46:44,409 - database - INFO - ✅ تم إنشاء نسخة احتياطية: backups/products_backup_20251217_024644.db
2025-12-17 02:46:44,410 - __main__ - INFO - 📂 تحميل البيانات المحفوظة...
2025-12-17 02:46:44,410 - __main__ - INFO - ✅ تم تحميل 0 منتج من قاعدة البيانات
2025-12-17 02:46:44,410 - __main__ - INFO - 🕷️ بدء سحب البيانات من الموقع...
2025-12-17 02:46:44,410 - scraper - INFO - 🚀 بدء فحص القسم: https://almusbahlight.com/categories/888805/%D8%AB%D8%B1%D9%8A%D8%A7%D8%AA-%D9%83%D8%B1%D9%8A%D8%B3%D8%AA%D8%A7%D9%84
2025-12-17 02:46:44,410 - scraper - INFO - 📡 طلب الصفحة: https://almusbahlight.com/categories/888805/%D8%AB%D8%B1%D9%8A%D8%A7%D8%AA-%D9%83%D8%B1%D9%8A%D8%B3%D8%AA%D8%A7%D9%84?page=1 (محاولة 1/3)
2025-12-17 02:46:45,653 - scraper - INFO - 📦 الصفحة 1: تم العثور على 24 منتج
2025-12-17 02:46:46,673 - scraper - INFO - 📡 طلب الصفحة: https://almusbahlight.com/categories/888805/%D8%AB%D8%B1%D9%8A%D8%A7%D8%AA-%D9%83%D8%B1%D9%8A%D8%B3%D8%AA%D8%A7%D9%84?page=2 (محاولة 1/3)
2025-12-17 02:46:47,789 - scraper - INFO - 📦 الصفحة 2: تم العثور على 24 منتج
2025-12-17 02:46:48,808 - scraper - INFO - 📡 طلب الصفحة: https://almusbahlight.com/categories/888805/%D8%AB%D8%B1%D9%8A%D8%A7%D8%AA-%D9%83%D8%B1%D9%8A%D8%B3%D8%AA%D8%A7%D9%84?page=3 (محاولة 1/3)
2025-12-17 02:46:50,603 - scraper - INFO - 📦 الصفحة 3: تم العثور على 24 منتج
2025-12-17 02:46:51,625 - scraper - INFO - 📡 طلب الصفحة: https://almusbahlight.com/categories/888805/%D8%AB%D8%B1%D9%8A%D8%A7%D8%AA-%D9%83%D8%B1%D9%8A%D8%B3%D8%AA%D8%A7%D9%84?page=4 (محاولة 1/3)
2025-12-17 02:46:53,846 - scraper - INFO - 📦 الصفحة 4: تم العثور على 24 منتج
2025-12-17 02:46:54,863 - scraper - INFO - 📡 طلب الصفحة: https://almusbahlight.com/categories/888805/%D8%AB%D8%B1%D9%8A%D8%A7%D8%AA-%D9%83%D8%B1%D9%8A%D8%B3%D8%AA%D8%A7%D9%84?page=5 (محاولة 1/3)
2025-12-17 02:46:56,522 - scraper - INFO - 📦 الصفحة 5: تم العثور على 24 منتج
2025-12-17 02:46:57,540 - scraper - INFO - 📡 طلب الصفحة: https://almusbahlight.com/categories/888805/%D8%AB%D8%B1%D9%8A%D8%A7%D8%AA-%D9%83%D8%B1%D9%8A%D8%B3%D8%AA%D8%A7%D9%84?page=6 (محاولة 1/3)
2025-12-17 02:46:59,465 - scraper - INFO - 📦 الصفحة 6: تم العثور على 24 منتج
2025-12-17 02:47:00,482 - scraper - INFO - 📡 طلب الصفحة: https://almusbahlight.com/categories/888805/%D8%AB%D8%B1%D9%8A%D8%A7%D8%AA-%D9%83%D8%B1%D9%8A%D8%B3%D8%AA%D8%A7%D9%84?page=7 (محاولة 1/3)
2025-12-17 02:47:02,168 - scraper - INFO - 📦 الصفحة 7: تم العثور على 24 منتج
2025-12-17 02:47:03,185 - scraper - INFO - 📡 طلب الصفحة: https://almusbahlight.com/categories/888805/%D8%AB%D8%B1%D9%8A%D8%A7%D8%AA-%D9%83%D8%B1%D9%8A%D8%B3%D8%AA%D8%A7%D9%84?page=8 (محاولة 1/3)
2025-12-17 02:47:04,881 - scraper - INFO - 📦 الصفحة 8: تم العثور على 24 منتج
2025-12-17 02:47:05,897 - scraper - INFO - 📡 طلب الصفحة: https://almusbahlight.com/categories/888805/%D8%AB%D8%B1%D9%8A%D8%A7%D8%AA-%D9%83%D8%B1%D9%8A%D8%B3%D8%AA%D8%A7%D9%84?page=9 (محاولة 1/3)
2025-12-17 02:47:08,843 - scraper - INFO - 📦 الصفحة 9: تم العثور على 24 منتج
2025-12-17 02:47:09,860 - scraper - INFO - 📡 طلب الصفحة: https://almusbahlight.com/categories/888805/%D8%AB%D8%B1%D9%8A%D8%A7%D8%AA-%D9%83%D8%B1%D9%8A%D8%B3%D8%AA%D8%A7%D9%84?page=10 (محاولة 1/3)
2025-12-17 02:47:12,177 - scraper - INFO - 📦 الصفحة 10: تم العثور على 24 منتج
2025-12-17 02:47:13,194 - scraper - INFO - 📡 طلب الصفحة: https://almusbahlight.com/categories/888805/%D8%AB%D8%B1%D9%8A%D8%A7%D8%AA-%D9%83%D8%B1%D9%8A%D8%B3%D8%AA%D8%A7%D9%84?page=11 (محاولة 1/3)
2025-12-17 02:47:14,924 - scraper - INFO - 📦 الصفحة 11: تم العثور على 24 منتج
2025-12-17 02:47:15,943 - scraper - INFO - 📡 طلب الصفحة: https://almusbahlight.com/categories/888805/%D8%AB%D8%B1%D9%8A%D8%A7%D8%AA-%D9%83%D8%B1%D9%8A%D8%B3%D8%AA%D8%A7%D9%84?page=12 (محاولة 1/3)
2025-12-17 02:47:19,045 - scraper - INFO - 📦 الصفحة 12: تم العثور على 24 منتج
2025-12-17 02:47:20,065 - scraper - INFO - 📡 طلب الصفحة: https://almusbahlight.com/categories/888805/%D8%AB%D8%B1%D9%8A%D8%A7%D8%AA-%D9%83%D8%B1%D9%8A%D8%B3%D8%AA%D8%A7%D9%84?page=13 (محاولة 1/3)
2025-12-17 02:47:22,147 - scraper - INFO - 📦 الصفحة 13: تم العثور على 24 منتج
2025-12-17 02:47:23,169 - scraper - INFO - 📡 طلب الصفحة: https://almusbahlight.com/categories/888805/%D8%AB%D8%B1%D9%8A%D8%A7%D8%AA-%D9%83%D8%B1%D9%8A%D8%B3%D8%AA%D8%A7%D9%84?page=14 (محاولة 1/3)
2025-12-17 02:47:25,439 - scraper - INFO - 📦 الصفحة 14: تم العثور على 24 منتج
2025-12-17 02:47:26,459 - scraper - INFO - 📡 طلب الصفحة: https://almusbahlight.com/categories/888805/%D8%AB%D8%B1%D9%8A%D8%A7%D8%AA-%D9%83%D8%B1%D9%8A%D8%B3%D8%AA%D8%A7%D9%84?page=15 (محاولة 1/3)
2025-12-17 02:47:30,127 - scraper - INFO - 📦 الصفحة 15: تم العثور على 1 منتج
2025-12-17 02:47:30,129 - scraper - INFO - 🏁 وصلنا لنهاية القائمة
2025-12-17 02:47:30,129 - __main__ - INFO - ✅ تم سحب 337 منتج من الموقع
2025-12-17 02:47:30,129 - __main__ - INFO - 🔍 تحليل التغييرات...
2025-12-17 02:47:30,130 - __main__ - INFO - 🆕 منتج جديد: نجف مودرن ذهبي قطر 80 سم E14*15L...
2025-12-17 02:47:30,130 - __main__ - INFO - 🆕 منتج جديد: نجف شيمر لق كريستال ذهبي 40 سم E14*5L...
2025-12-17 02:47:30,130 - __main__ - INFO - 🆕 منتج جديد: نجف مودرن ذهبي قطر 60 سم لون الانارة 3اضاءات 75 وا...
2025-12-17 02:47:30,130 - __main__ - INFO - 🆕 منتج جديد: نجف مودرن ذهبي قطر 60 سم E14*10L...
2025-12-17 02:47:30,130 - __main__ - INFO - 🆕 منتج جديد: نجف مودرن ذهبي قطر 40 سم E14*5L...
2025-12-17 02:47:30,130 - __main__ - INFO - 🆕 منتج جديد: نجف مودرن ذهبي قطر 75 سم E14*5L...
2025-12-17 02:47:30,130 - __main__ - INFO - 🆕 منتج جديد: نجف مودرن ذهبي مقاس 60 سم E14*9L...
2025-12-17 02:47:30,130 - __main__ - INFO - 🆕 منتج جديد: نجف مودرن اسود مع ذهبي 100*35 سم E14*14L...
2025-12-17 02:47:30,130 - __main__ - INFO - 🆕 منتج جديد: نجف مودرن فضي قطر 60 سم E14*9L...
2025-12-17 02:47:30,130 - __main__ - INFO - 🆕 منتج جديد: نجف مودرن فضي قطر 60 سم E14*9L...
2025-12-17 02:47:30,130 - __main__ - INFO - 🆕 منتج جديد: نجف مودرن فضي مقاس 60 سم E14*9L...
2025-12-17 02:47:30,131 - __main__ - INFO - 🆕 منتج جديد: نجف مودرن فضي قطر 60 سم E14*9L...
2025-12-17 02:47:30,131 - __main__ - INFO - 🆕 منتج جديد: نجف مودرن فضي قطر 40 سم E14*5L...
2025-12-17 02:47:30,131 - __main__ - INFO - 🆕 منتج جديد: نجف مودرن فضي قطر 40 سم E14*5L...
2025-12-17 02:47:30,131 - __main__ - INFO - 🆕 منتج جديد: نجف مودرن فضي قطر 40 سم E14*5L...
2025-12-17 02:47:30,131 - __main__ - INFO - 🆕 منتج جديد: نجف مودرن فضي قطر 80 سم E14*15L...
2025-12-17 02:47:30,131 - __main__ - INFO - 🆕 منتج جديد: نجف مودرن فضي قطر 80 سم E14*15L...
2025-12-17 02:47:30,131 - __main__ - INFO - 🆕 منتج جديد: نجف مودرن فضي قطر 80 سم E14*15L...
2025-12-17 02:47:30,131 - __main__ - INFO - 🆕 منتج جديد: نجف مودرن فضي قطر 60 سم E14*9L...
2025-12-17 02:47:30,131 - __main__ - INFO - 🆕 منتج جديد: نجف مودرن فضي قطر 40 سم E14*5L...
2025-12-17 02:47:30,131 - __main__ - INFO - 🆕 منتج جديد: نجف مودرن اسود مع ذهبي قطر 60 سم E14*9L...
2025-12-17 02:47:30,131 - __main__ - INFO - 🆕 منتج جديد: نجف شيمر لق كريستال ذهبي 100 سم E14*12...
2025-12-17 02:47:30,131 - __main__ - INFO - 🆕 منتج جديد: نجف مودرن قزاز ذهبي قطر 60 سم E14*9L...
2025-12-17 02:47:30,131 - __main__ - INFO - 🆕 منتج جديد: نجف مودرن فضي قطر 60 سم E14*9L...
2025-12-17 02:47:30,131 - __main__ - INFO - 🆕 منتج جديد: نجف مودرن اسود مع ذهبي قطر 40 سم E14*5L...
2025-12-17 02:47:30,132 - __main__ - INFO - 🆕 منتج جديد: نجف مودرن اسود مع ذهبي مقاس 80 سم E14*15L...
2025-12-17 02:47:30,132 - __main__ - INFO - 🆕 منتج جديد: نجف مودرن اسود مع ذهبي 80 سم E14*15...
2025-12-17 02:47:30,132 - __main__ - INFO - 🆕 منتج جديد: نجف مودرن اسود مع ذهبي قطر 40 سم E14*5L...
2025-12-17 02:47:30,132 - __main__ - INFO - 🆕 منتج جديد: نجف مودرن ذهبي قطر 80 سم E14*15L...
2025-12-17 02:47:30,132 - __main__ - INFO - 🆕 منتج جديد: نجف مودرن ذهبي قطر 60 سم E14*9L...
2025-12-17 02:47:30,132 - __main__ - INFO - 🆕 منتج جديد: نجف مودرن ذهبي مقاس 60 سم E14*9L...
2025-12-17 02:47:30,132 - __main__ - INFO - 🆕 منتج جديد: نجف مودرن ذهبي قطر 60 سم E14*5L...
2025-12-17 02:47:30,132 - __main__ - INFO - 🆕 منتج جديد: نجف مودرن ذهبي قطر 60 سم E14*9L...
2025-12-17 02:47:30,132 - __main__ - INFO - 🆕 منتج جديد: نجف مودرن ذهبي قطر 60 سم E14*9L...
2025-12-17 02:47:30,132 - __main__ - INFO - 🆕 منتج جديد: نجف مودرن ذهبي قطر 60 سم E14*9L...
2025-12-17 02:47:30,132 - __main__ - INFO - 🆕 منتج جديد: نجف كريستال ذهبي قطر 40سم...
2025-12-17 02:47:30,132 - __main__ - INFO - 🆕 منتج جديد: نجف مودرن ذهبي قطر 40 سم E14*5L...
2025-12-17 02:47:30,132 - __main__ - INFO - 🆕 منتج جديد: نجف مودرن ذهبي قطر 80 سم E14*16L...
2025-12-17 02:47:30,132 - __main__ - INFO - 🆕 منتج جديد: نجف مودرن ذهبي قطر 80 سم E14*15L...
2025-12-17 02:47:30,132 - __main__ - INFO - 🆕 منتج جديد: نجف مودرن ذهبي مقاس 80 سم E14*15L...
2025-12-17 02:47:30,132 - __main__ - INFO - 🆕 منتج جديد: نجف مودرن ذهبي قطر 80 سم E14*15L...
2025-12-17 02:47:30,133 - __main__ - INFO - 🆕 منتج جديد: نجف مودرن ذهبي مقاس 80 سم E14*15L...
2025-12-17 02:47:30,133 - __main__ - INFO - 🆕 منتج جديد: نجف مودرن ذهبي قطر 80 سم E14*15L...
2025-12-17 02:47:30,133 - __main__ - INFO - 🆕 منتج جديد: نجف مودرن قطعتين ذهبي E14*15L قطر 80...
2025-12-17 02:47:30,133 - __main__ - INFO - 🆕 منتج جديد: نجف مودرن ذهبي مقاس 80 سم E14*15L...
2025-12-17 02:47:30,133 - __main__ - INFO - 🆕 منتج جديد: نجف مودرن ذهبي قطر 80 سم E14*15L...
2025-12-17 02:47:30,133 - __main__ - INFO - 🆕 منتج جديد: ثريا شادو لايت قطر 40 سم ذهبي...
2025-12-17 02:47:30,133 - __main__ - INFO - 🆕 منتج جديد: نجف مودرن ذهبي قطر 60 سم E14*10L...
2025-12-17 02:47:30,133 - __main__ - INFO - 🆕 منتج جديد: نجف مودرن ذهبي قطر 80 سم E14*12L...
2025-12-17 02:47:30,133 - __main__ - INFO - 🆕 منتج جديد: نجف مودرن ذهبي مستطيل 80*30 سم E14*10L...
2025-12-17 02:47:30,133 - __main__ - INFO - 🆕 منتج جديد: نجف مودرن ذهبي قطر 80 سم E14*15...
2025-12-17 02:47:30,133 - __main__ - INFO - 🆕 منتج جديد: نجف مودرن ذهبي قطر 60 سم E14*9L...
2025-12-17 02:47:30,133 - __main__ - INFO - 🆕 منتج جديد: نجف اسود مع ذهبي قطر 60 سم E14*9L...
2025-12-17 02:47:30,133 - __main__ - INFO - 🆕 منتج جديد: نجف مودرن اسود مع ذهبي قطر 80 سم E14*15L...
2025-12-17 02:47:30,133 - __main__ - INFO - 🆕 منتج جديد: نجف مودرن أبيض مع ذهبي 100 سم E14*22L...
2025-12-17 02:47:30,133 - __main__ - INFO - 🆕 منتج جديد: نجف كريستال ذهبي قطر 60 سم E14*9L...
2025-12-17 02:47:30,133 - __main__ - INFO - 🆕 منتج جديد: نجف كريستال ذهبي  قطر 40 سم E14*5L...
2025-12-17 02:47:30,134 - __main__ - INFO - 🆕 منتج جديد: نجف كريستال ذهبي قطر 80 سم E14*15L...
2025-12-17 02:47:30,134 - __main__ - INFO - 🆕 منتج جديد: نجف كريستال ذهبي قطر 80*30 سم E14*10L...
2025-12-17 02:47:30,134 - __main__ - INFO - 🆕 منتج جديد: نجف علاقي كريستال ذهبي قطر 60 سم E14...
2025-12-17 02:47:30,134 - __main__ - INFO - 🆕 منتج جديد: نجف شيمر لق كريستال فضي 60 سم E14*9L...
2025-12-17 02:47:30,134 - __main__ - INFO - 🆕 منتج جديد: نجف شيمر لق كريستال فضي 40 سم E14*5L...
2025-12-17 02:47:30,134 - __main__ - INFO - 🆕 منتج جديد: نجف شيمر لق كريستال ذهبي 60 سم E14*9L...
2025-12-17 02:47:30,134 - __main__ - INFO - 🆕 منتج جديد: نجف مودرن ذهبي مقاس 60 سم E14*9L...
2025-12-17 02:47:30,134 - __main__ - INFO - 🆕 منتج جديد: ثريا لوكس جلو مقاس كريستال 50 سم ذهبي مودرن...
2025-12-17 02:47:30,134 - __main__ - INFO - 🆕 منتج جديد: نجف كرستال عصري فضي E14*9 مقاس 600 ملم - بتصميم يب...
2025-12-17 02:47:30,134 - __main__ - INFO - 🆕 منتج جديد: علاقي مودرن فضي E14*15...
2025-12-17 02:47:30,134 - __main__ - INFO - 🆕 منتج جديد: نجف علاقي كريستال فضي E14*12L مقاس 1000 ملم...
2025-12-17 02:47:30,134 - __main__ - INFO - 🆕 منتج جديد: نجف مودرن فضي E14*5 مقاس 400 ملم...
2025-12-17 02:47:30,134 - __main__ - INFO - 🆕 منتج جديد: نجف مودرن فضي E14*9 مقاس 600 ملم...
2025-12-17 02:47:30,134 - __main__ - INFO - 🆕 منتج جديد: علاقي مودرن فضي E14*9 مقاس 400 ملم...
2025-12-17 02:47:30,135 - __main__ - INFO - 🆕 منتج جديد: علاقي مودرن فضي E14*10...
2025-12-17 02:47:30,135 - __main__ - INFO - 🆕 منتج جديد: علاقي مودرن فضي+ سلفر E14*3...
2025-12-17 02:47:30,135 - __main__ - INFO - 🆕 منتج جديد: علاقي مودرن فضي E14*3...
2025-12-17 02:47:30,135 - __main__ - INFO - 🆕 منتج جديد: نجف علاقي كريستال فضي E14*3...
2025-12-17 02:47:30,135 - __main__ - INFO - 🆕 منتج جديد: علاقي مودرن فضي E14*15...
2025-12-17 02:47:30,135 - __main__ - INFO - 🆕 منتج جديد: علاقي مودرن فضي E14*5...
2025-12-17 02:47:30,135 - __main__ - INFO - 🆕 منتج جديد: علاقي مودرن فضي E14*9...
2025-12-17 02:47:30,135 - __main__ - INFO - 🆕 منتج جديد: علاقي مودرن فضي E14*10...
2025-12-17 02:47:30,135 - __main__ - INFO - 🆕 منتج جديد: علاقي مودرن فضي E14*13...
2025-12-17 02:47:30,135 - __main__ - INFO - 🆕 منتج جديد: علاقي مودرن فضي E14*18...
2025-12-17 02:47:30,135 - __main__ - INFO - 🆕 منتج جديد: علاقي مودرن فضي E14*18...
2025-12-17 02:47:30,135 - __main__ - INFO - 🆕 منتج جديد: علاقي مودرن فضي E14*6...
2025-12-17 02:47:30,135 - __main__ - INFO - 🆕 منتج جديد: علاقي مودرن اسود+ ذهبي E14*5...
2025-12-17 02:47:30,135 - __main__ - INFO - 🆕 منتج جديد: علاقي مودرن ذهبي E14*5 قطر 40 سم...
2025-12-17 02:47:30,135 - __main__ - INFO - 🆕 منتج جديد: نجف مودرن مستطيل اسود مع ذهبي E14 قطر 100*35 سم...
2025-12-17 02:47:30,136 - __main__ - INFO - 🆕 منتج جديد: نجف مودرن اسود مع ذهبي E14*15L قطر 800 ملم...
2025-12-17 02:47:30,136 - __main__ - INFO - 🆕 منتج جديد: علاقي مودرن فضي E14*15 مقاس 800 ملم...
2025-12-17 02:47:30,136 - __main__ - INFO - 🆕 منتج جديد: علاقي مودرن ذهبي E14*10 مقاس 800*300 ملم...
2025-12-17 02:47:30,136 - __main__ - INFO - 🆕 منتج جديد: نجف مودرن ذهبي E14*14 مقاس 1000*350 ملم...
2025-12-17 02:47:30,136 - __main__ - INFO - 🆕 منتج جديد: علاقي مودرن ذهبي E14*14 مقاس 1000*350 ملم...
2025-12-17 02:47:30,136 - __main__ - INFO - 🆕 منتج جديد: علاقي مودرن ذهبي E14*14 مقاس 1000*3500 ملم...
2025-12-17 02:47:30,136 - __main__ - INFO - 🆕 منتج جديد: علاقي مودرن فضي E14*10...
2025-12-17 02:47:30,136 - __main__ - INFO - 🆕 منتج جديد: نجف مودرن مستطيل ابيض مع ذهبي E14 قطر 100*35 سم...
2025-12-17 02:47:30,136 - __main__ - INFO - 🆕 منتج جديد: نجف مودرن مستطيل فضي E14 قطر 100*35 سم...
2025-12-17 02:47:30,136 - __main__ - INFO - 🆕 منتج جديد: علاقي مودرن فضي E14*14...
2025-12-17 02:47:30,136 - __main__ - INFO - 🆕 منتج جديد: نجف مودرن مستطيل اسود مع ذهبي E14 قطر 100*35 سم...
2025-12-17 02:47:30,136 - __main__ - INFO - 🆕 منتج جديد: نجف مودرن فضي 1000*350 E14*14L...
2025-12-17 02:47:30,136 - __main__ - INFO - 🆕 منتج جديد: نجف مودرن ذهبي 1000*350 E14*14L...
2025-12-17 02:47:30,136 - __main__ - INFO - 🆕 منتج جديد: نجف مودرن فضي E14*10L...
2025-12-17 02:47:30,136 - __main__ - INFO - 🆕 منتج جديد: نجف مودرن ذهبي E14*10L...
2025-12-17 02:47:30,137 - __main__ - INFO - 🆕 منتج جديد: نجف مودرن فضي 300*800 E14*15...
2025-12-17 02:47:30,137 - __main__ - INFO - 🆕 منتج جديد: نجف مودرن فضي 1000*350 E14*10L...
2025-12-17 02:47:30,137 - __main__ - INFO - 🆕 منتج جديد: نجف مودرن ذهبي 1000*350 E14*10L...
2025-12-17 02:47:30,137 - __main__ - INFO - 🆕 منتج جديد: نجف مودرن قطر 800*300 ملم اسود مع ذهبي E14*10L...
2025-12-17 02:47:30,137 - __main__ - INFO - 🆕 منتج جديد: نجف مودرن 800*300 فضي E14*10L...
2025-12-17 02:47:30,137 - __main__ - INFO - 🆕 منتج جديد: نجف مودرن ذهبي E14*10L مقاس 80*30 سم...
2025-12-17 02:47:30,137 - __main__ - INFO - 🆕 منتج جديد: نجف مودرن فضي E14*10L قطر 80*30 سم...
2025-12-17 02:47:30,137 - __main__ - INFO - 🆕 منتج جديد: علاقي مودرن ذهبي E14*9 قطر 60 سم...
2025-12-17 02:47:30,137 - __main__ - INFO - 🆕 منتج جديد: نجف مودرن ذهبي E14*22L مقاس قطر 100 سم...
2025-12-17 02:47:30,137 - __main__ - INFO - 🆕 منتج جديد: نجف مودرن ذهبي E14*5 قطر 40 سم...
2025-12-17 02:47:30,137 - __main__ - INFO - 🆕 منتج جديد: نجف مودرن غطاء اسود مع ذهبي قطر 80 سم E14*15...
2025-12-17 02:47:30,137 - __main__ - INFO - 🆕 منتج جديد: علاقي مودرن اسود E14*9 مقاس 600 ملم...
2025-12-17 02:47:30,137 - __main__ - INFO - 🆕 منتج جديد: علاقي مودرن ذهبي E14*10 مقاس 800*300 ملم...
2025-12-17 02:47:30,137 - __main__ - INFO - 🆕 منتج جديد: علاقي مودرن ذهبي E14*10 مقاس 800*300 ملم...
2025-12-17 02:47:30,137 - __main__ - INFO - 🆕 منتج جديد: علاقي مودرن ذهبي E14*15 مقاس 800 ملم...
2025-12-17 02:47:30,138 - __main__ - INFO - 🆕 منتج جديد: علاقي مودرن ذهبي E14*15 مقاس 800 ملم...
2025-12-17 02:47:30,138 - __main__ - INFO - 🆕 منتج جديد: علاقي مودرن ذهبي E14*15 مقاس 800 ملم...
2025-12-17 02:47:30,138 - __main__ - INFO - 🆕 منتج جديد: علاقي مودرن ذهبي E14*22 مقاس 1000 ملم...
2025-12-17 02:47:30,138 - __main__ - INFO - 🆕 منتج جديد: علاقي مودرن ذهبي E14*5 مقاس 400 ملم...
2025-12-17 02:47:30,138 - __main__ - INFO - 🆕 منتج جديد: علاقي مودرن ذهبي E14*9 قطر 60 سم...
2025-12-17 02:47:30,138 - __main__ - INFO - 🆕 منتج جديد: علاقي مودرن ذهبي E14*9 مقاس 600 ملم...
2025-12-17 02:47:30,138 - __main__ - INFO - 🆕 منتج جديد: علاقي مودرن فضي E14*9 مقاس 600 ملم...
2025-12-17 02:47:30,138 - __main__ - INFO - 🆕 منتج جديد: نجف كريستالي مودرن ذهبي حجم 300*800 ملم و قاعدة لم...
2025-12-17 02:47:30,138 - __main__ - INFO - 🆕 منتج جديد: نجف مودرن ذهبي E14*14 قطر 100*35 سم...
2025-12-17 02:47:30,138 - __main__ - INFO - 🆕 منتج جديد: نجف مودرن ذهبي E14*15 قطر 80 سم...
2025-12-17 02:47:30,138 - __main__ - INFO - 🆕 منتج جديد: نجف مودرن ذهبي E14*22 قطر 100 سم...
2025-12-17 02:47:30,138 - __main__ - INFO - 🆕 منتج جديد: علاقي مودرن اسود E14*15 مقاس 800 ملم...
2025-12-17 02:47:30,138 - __main__ - INFO - 🆕 منتج جديد: علاقي مودرن اسود E14*9 مقاس 600 ملم...
2025-12-17 02:47:30,138 - __main__ - INFO - 🆕 منتج جديد: علاقي مودرن ذهبي E14*15 مقاس 800 ملم...
2025-12-17 02:47:30,139 - __main__ - INFO - 🆕 منتج جديد: علاقي مودرن ذهبي E14*5 مقاس 400 ملم...
2025-12-17 02:47:30,139 - __main__ - INFO - 🆕 منتج جديد: علاقي مودرن ذهبي E14*9 مقاس 600 ملم...
2025-12-17 02:47:30,139 - __main__ - INFO - 🆕 منتج جديد: علاقي مودرن اسود E14*10 مقاس 800*300 ملم...
2025-12-17 02:47:30,139 - __main__ - INFO - 🆕 منتج جديد: علاقي مودرن ذهبي E14*10 مقاس 800*300 ملم...
2025-12-17 02:47:30,139 - __main__ - INFO - 🆕 منتج جديد: علاقي مودرن ذهبي E14*15 مقاس 800 ملم...
2025-12-17 02:47:30,139 - __main__ - INFO - 🆕 منتج جديد: علاقي مودرن ذهبي E14*22 مقاس 1000 ملم...
2025-12-17 02:47:30,139 - __main__ - INFO - 🆕 منتج جديد: علاقي مودرن ذهبي E14*22 مقاس 1000 ملم...
2025-12-17 02:47:30,139 - __main__ - INFO - 🆕 منتج جديد: علاقي مودرن ذهبي E14*5 مقاس 400 ملم...
2025-12-17 02:47:30,139 - __main__ - INFO - 🆕 منتج جديد: علاقي مودرن ذهبي E14*5 مقاس 400 ملم...
2025-12-17 02:47:30,139 - __main__ - INFO - 🆕 منتج جديد: علاقي مودرن ذهبي E14*9 مقاس 600 ملم...
2025-12-17 02:47:30,139 - __main__ - INFO - 🆕 منتج جديد: علاقي مودرن ذهبي E14*10 مقاس 800*300 ملم...
2025-12-17 02:47:30,139 - __main__ - INFO - 🆕 منتج جديد: علاقي مودرن ذهبي E14*10 مقاس 800*300 ملم...
2025-12-17 02:47:30,139 - __main__ - INFO - 🆕 منتج جديد: علاقي مودرن ذهبي E14*10 مقاس 800*300 ملم...
2025-12-17 02:47:30,139 - __main__ - INFO - 🆕 منتج جديد: علاقي مودرن ذهبي E14*14 مقاس 1000*350 ملم...
2025-12-17 02:47:30,139 - __main__ - INFO - 🆕 منتج جديد: علاقي مودرن ذهبي E14*14 مقاس 1000*350 ملم...
2025-12-17 02:47:30,140 - __main__ - INFO - 🆕 منتج جديد: علاقي مودرن ذهبي E14*14 مقاس 1000*350 ملم...
2025-12-17 02:47:30,140 - __main__ - INFO - 🆕 منتج جديد: علاقي مودرن ذهبي E14*14 مقاس 1000*350 ملم...
2025-12-17 02:47:30,140 - __main__ - INFO - 🆕 منتج جديد: علاقي مودرن ذهبي E14*15 مقاس 800 ملم...
2025-12-17 02:47:30,140 - __main__ - INFO - 🆕 منتج جديد: علاقي مودرن ذهبي E14*15 مقاس 800 ملم...
2025-12-17 02:47:30,140 - __main__ - INFO - 🆕 منتج جديد: علاقي مودرن ذهبي E14*15 مقاس 800 ملم...
2025-12-17 02:47:30,140 - __main__ - INFO - 🆕 منتج جديد: علاقي مودرن ذهبي E14*22 مقاس 1000 ملم...
2025-12-17 02:47:30,140 - __main__ - INFO - 🆕 منتج جديد: علاقي مودرن ذهبي E14*22 مقاس 1000 ملم...
2025-12-17 02:47:30,140 - __main__ - INFO - 🆕 منتج جديد: علاقي مودرن ذهبي E14*5 مقاس 400 ملم...
2025-12-17 02:47:30,140 - __main__ - INFO - 🆕 منتج جديد: علاقي مودرن ذهبي E14*5 مقاس 400 ملم...
2025-12-17 02:47:30,140 - __main__ - INFO - 🆕 منتج جديد: علاقي مودرن ذهبي E14*5 مقاس 400 ملم...
2025-12-17 02:47:30,140 - __main__ - INFO - 🆕 منتج جديد: علاقي مودرن ذهبي E14*5 مقاس 400 ملم...
2025-12-17 02:47:30,140 - __main__ - INFO - 🆕 منتج جديد: علاقي مودرن ذهبي E14*5 مقاس 400 ملم...
2025-12-17 02:47:30,140 - __main__ - INFO - 🆕 منتج جديد: علاقي مودرن ذهبي E14*5 مقاس 600 ملم...
2025-12-17 02:47:30,140 - __main__ - INFO - 🆕 منتج جديد: علاقي مودرن ذهبي E14*9 مقاس 600 ملم...
2025-12-17 02:47:30,141 - __main__ - INFO - 🆕 منتج جديد: علاقي مودرن ذهبي E14*9 مقاس 600 ملم...
2025-12-17 02:47:30,141 - __main__ - INFO - 🆕 منتج جديد: علاقي مودرن ذهبي E14*9 مقاس 600 ملم...
2025-12-17 02:47:30,141 - __main__ - INFO - 🆕 منتج جديد: علاقي مودرن ذهبي E14*9 مقاس 600 ملم...
2025-12-17 02:47:30,141 - __main__ - INFO - 🆕 منتج جديد: علاقي مودرن ذهبي E14*10 مقاس 800*300 ملم...
2025-12-17 02:47:30,141 - __main__ - INFO - 🆕 منتج جديد: علاقي مودرن ذهبي E14*15 مقاس 800 ملم...
2025-12-17 02:47:30,141 - __main__ - INFO - 🆕 منتج جديد: علاقي مودرن ذهبي E14*5 مقاس 400 ملم...
2025-12-17 02:47:30,141 - __main__ - INFO - 🆕 منتج جديد: علاقي مودرن ذهبي E14*9 مقاس 600 ملم...
2025-12-17 02:47:30,141 - __main__ - INFO - 🆕 منتج جديد: نجف مودرن ذهبي E14*5 مقاس 400 ملم...
2025-12-17 02:47:30,141 - __main__ - INFO - 🆕 منتج جديد: نجف مودرن قطعتين ذهبي E14*5 مقاس 1000 ملم...
2025-12-17 02:47:30,141 - __main__ - INFO - 🆕 منتج جديد: علاقي مودرن ذهبي E14*9 مقاس 600 ملم...
2025-12-17 02:47:30,141 - __main__ - INFO - 🆕 منتج جديد: نجف مودرن 2 قطعتين ذهبي E14*15 مقاس 800 ملم...
2025-12-17 02:47:30,141 - __main__ - INFO - 🆕 منتج جديد: نجف مودرن 2 قطعتين ذهبي E14*15 مقاس 800 ملم...
2025-12-17 02:47:30,142 - __main__ - INFO - 🆕 منتج جديد: نجف مودرن ذهبي E14*5 مقاس 400 ملم...
2025-12-17 02:47:30,142 - __main__ - INFO - 🆕 منتج جديد: نجف مودرن ذهبي E14*5 مقاس 400 ملم...
2025-12-17 02:47:30,142 - __main__ - INFO - 🆕 منتج جديد: نجف مودرن ذهبي E14*9 مقاس 600 ملم...
2025-12-17 02:47:30,142 - __main__ - INFO - 🆕 منتج جديد: نجف مودرن ذهبي E14*9 مقاس 600 ملم...
2025-12-17 02:47:30,142 - __main__ - INFO - 🆕 منتج جديد: نجف مودرن ذهبي E14*9 مقاس 600 ملم...
2025-12-17 02:47:30,142 - __main__ - INFO - 🆕 منتج جديد: علاقي مودرن اسود + ذهبي E14*10 مقاس 80*30 ملم...
2025-12-17 02:47:30,142 - __main__ - INFO - 🆕 منتج جديد: علاقي مودرن اسود + ذهبي E14*15 مقاس 800 ملم...
2025-12-17 02:47:30,142 - __main__ - INFO - 🆕 منتج جديد: علاقي مودرن اسود + ذهبي E14*5 مقاس 400 ملم...
2025-12-17 02:47:30,142 - __main__ - INFO - 🆕 منتج جديد: علاقي مودرن اسود + ذهبي E14*9 مقاس 600 ملم...
2025-12-17 02:47:30,142 - __main__ - INFO - 🆕 منتج جديد: علاقي مودرن ذهبي E14*10 مقاس 800*300 ملم...
2025-12-17 02:47:30,142 - __main__ - INFO - 🆕 منتج جديد: علاقي مودرن ذهبي E14*10 مقاس 800*300 ملم...
2025-12-17 02:47:30,142 - __main__ - INFO - 🆕 منتج جديد: علاقي مودرن ذهبي E14*10 مقاس 800*300 ملم...
2025-12-17 02:47:30,142 - __main__ - INFO - 🆕 منتج جديد: علاقي مودرن ذهبي E14*14 مقاس 1000*300 ملم...
2025-12-17 02:47:30,142 - __main__ - INFO - 🆕 منتج جديد: علاقي مودرن ذهبي E14*14 مقاس 1000*350 ملم...
2025-12-17 02:47:30,143 - __main__ - INFO - 🆕 منتج جديد: علاقي مودرن ذهبي E14*15 مقاس 800 ملم...
2025-12-17 02:47:30,143 - __main__ - INFO - 🆕 منتج جديد: علاقي مودرن ذهبي E14*15 مقاس 800 ملم...
2025-12-17 02:47:30,143 - __main__ - INFO - 🆕 منتج جديد: علاقي مودرن ذهبي E14*15 مقاس 800 ملم...
2025-12-17 02:47:30,143 - __main__ - INFO - 🆕 منتج جديد: علاقي مودرن ذهبي E14*22 مقاس 1000 ملم...
2025-12-17 02:47:30,143 - __main__ - INFO - 🆕 منتج جديد: علاقي مودرن ذهبي E14*22 مقاس 1000 ملم...
2025-12-17 02:47:30,143 - __main__ - INFO - 🆕 منتج جديد: علاقي مودرن ذهبي E14*5 مقاس 400 ملم...
2025-12-17 02:47:30,143 - __main__ - INFO - 🆕 منتج جديد: علاقي مودرن ذهبي E14*9 مقاس 600 ملم...
2025-12-17 02:47:30,143 - __main__ - INFO - 🆕 منتج جديد: علاقي مودرن ذهبي E14*5 مقاس 400 ملم...
2025-12-17 02:47:30,143 - __main__ - INFO - 🆕 منتج جديد: علاقي مودرن ذهبي E14*9 قطر 60 سم...
2025-12-17 02:47:30,143 - __main__ - INFO - 🆕 منتج جديد: علاقي مودرن ذهبي E14*9 مقاس 600 ملم...
2025-12-17 02:47:30,143 - __main__ - INFO - 🆕 منتج جديد: نجف مودرن اسود E14*5 مقاس 400 ملم...
2025-12-17 02:47:30,143 - __main__ - INFO - 🆕 منتج جديد: نجف مودرن اسود E14*9 مقاس 600 ملم...
2025-12-17 02:47:30,143 - __main__ - INFO - 🆕 منتج جديد: نجف مودرن ذهبي E14*10 مقاس 800*300 ملم...
2025-12-17 02:47:30,143 - __main__ - INFO - 🆕 منتج جديد: نجف مودرن ذهبي E14*10 مقاس 800*300 ملم...
2025-12-17 02:47:30,144 - __main__ - INFO - 🆕 منتج جديد: نجف مودرن ذهبي E14*14 مقاس 1000*350 ملم...
2025-12-17 02:47:30,144 - __main__ - INFO - 🆕 منتج جديد: نجف مودرن ذهبي E14*15 مقاس 800 ملم...
2025-12-17 02:47:30,144 - __main__ - INFO - 🆕 منتج جديد: نجف مودرن ذهبي E14*15 مقاس 800 ملم...
2025-12-17 02:47:30,144 - __main__ - INFO - 🆕 منتج جديد: نجف مودرن ذهبي E14*22 مقاس 1000 ملم...
2025-12-17 02:47:30,144 - __main__ - INFO - 🆕 منتج جديد: نجف مودرن ذهبي E14*5 مقاس 400 ملم...
2025-12-17 02:47:30,144 - __main__ - INFO - 🆕 منتج جديد: نجف مودرن ذهبي E14*5 مقاس 400 ملم...
2025-12-17 02:47:30,144 - __main__ - INFO - 🆕 منتج جديد: نجف مودرن ذهبي E14*9 مقاس 600 ملم...
2025-12-17 02:47:30,144 - __main__ - INFO - 🆕 منتج جديد: نجف مودرن ذهبي E14*9 مقاس 600 ملم...
2025-12-17 02:47:30,144 - __main__ - INFO - 🆕 منتج جديد: علاقي مودرن اسود + ذهبيE14*10 800*300...
2025-12-17 02:47:30,144 - __main__ - INFO - 🆕 منتج جديد: علاقي مودرن اسود + ذهبيE14*10 800*300...
2025-12-17 02:47:30,144 - __main__ - INFO - 🆕 منتج جديد: علاقي مودرن اسود+ذهبي E14*3...
2025-12-17 02:47:30,145 - __main__ - INFO - 🆕 منتج جديد: علاقي مودرن ذهبي E14*10...
2025-12-17 02:47:30,145 - __main__ - INFO - 🆕 منتج جديد: علاقي مودرن ذهبي E14*10...
2025-12-17 02:47:30,145 - __main__ - INFO - 🆕 منتج جديد: علاقي مودرن ذهبي E14*10...
2025-12-17 02:47:30,145 - __main__ - INFO - 🆕 منتج جديد: علاقي مودرن ذهبي E14*10...
2025-12-17 02:47:30,145 - __main__ - INFO - 🆕 منتج جديد: علاقي مودرن ذهبي E14*14 مقاس 1000*350 ملم...
2025-12-17 02:47:30,145 - __main__ - INFO - 🆕 منتج جديد: علاقي مودرن ذهبي E14*14 مقاس 1000*350 ملم...
2025-12-17 02:47:30,145 - __main__ - INFO - 🆕 منتج جديد: علاقي مودرن ذهبي E14*14 مقاس 1000*350 ملم...
2025-12-17 02:47:30,145 - __main__ - INFO - 🆕 منتج جديد: علاقي مودرن ذهبي E14*15...
2025-12-17 02:47:30,145 - __main__ - INFO - 🆕 منتج جديد: علاقي مودرن ذهبي E14*15...
2025-12-17 02:47:30,145 - __main__ - INFO - 🆕 منتج جديد: علاقي مودرن ذهبي E14*15...
2025-12-17 02:47:30,145 - __main__ - INFO - 🆕 منتج جديد: علاقي مودرن ذهبي E14*22...
2025-12-17 02:47:30,145 - __main__ - INFO - 🆕 منتج جديد: علاقي مودرن ذهبي E14*22...
2025-12-17 02:47:30,145 - __main__ - INFO - 🆕 منتج جديد: علاقي مودرن ذهبي E14*22...
2025-12-17 02:47:30,146 - __main__ - INFO - 🆕 منتج جديد: علاقي مودرن ذهبي E14*3...
2025-12-17 02:47:30,146 - __main__ - INFO - 🆕 منتج جديد: علاقي مودرن ذهبي E14*5...
2025-12-17 02:47:30,146 - __main__ - INFO - 🆕 منتج جديد: علاقي مودرن ذهبي E14*5...
2025-12-17 02:47:30,146 - __main__ - INFO - 🆕 منتج جديد: علاقي مودرن ذهبي E14*9...
2025-12-17 02:47:30,146 - __main__ - INFO - 🆕 منتج جديد: علاقي مودرن ذهبي E14*9...
2025-12-17 02:47:30,146 - __main__ - INFO - 🆕 منتج جديد: علاقي مودرن ذهبي E14*9...
2025-12-17 02:47:30,146 - __main__ - INFO - 🆕 منتج جديد: علاقي مودرن ذهبيE14*10 800*300...
2025-12-17 02:47:30,146 - __main__ - INFO - 🆕 منتج جديد: علاقي مودرن ذهبيE14*14 1000/350...
2025-12-17 02:47:30,146 - __main__ - INFO - 🆕 منتج جديد: علاقي مودرن ذهبيE14*14 مقاس 1000*350 ملم...
2025-12-17 02:47:30,146 - __main__ - INFO - 🆕 منتج جديد: علاقي مودرن ذهبيE14*15...
2025-12-17 02:47:30,146 - __main__ - INFO - 🆕 منتج جديد: علاقي مودرن ذهبيE14*22...
2025-12-17 02:47:30,146 - __main__ - INFO - 🆕 منتج جديد: علاقي مودرن ذهبيE14*5...
2025-12-17 02:47:30,146 - __main__ - INFO - 🆕 منتج جديد: علاقي مودرن ذهبيE14*9...
2025-12-17 02:47:30,146 - __main__ - INFO - 🆕 منتج جديد: علاقي مودرن اسود+ذهبي E14*15...
2025-12-17 02:47:30,146 - __main__ - INFO - 🆕 منتج جديد: علاقي مودرن اسود+ذهبي E14*15...
2025-12-17 02:47:30,147 - __main__ - INFO - 🆕 منتج جديد: علاقي مودرن اسود+ذهبي E14*15...
2025-12-17 02:47:30,147 - __main__ - INFO - 🆕 منتج جديد: علاقي مودرن اسود+ذهبي E14*5...
2025-12-17 02:47:30,147 - __main__ - INFO - 🆕 منتج جديد: علاقي مودرن اسود+ذهبي E14*5...
2025-12-17 02:47:30,147 - __main__ - INFO - 🆕 منتج جديد: علاقي مودرن اسود+ذهبي E14*9...
2025-12-17 02:47:30,147 - __main__ - INFO - 🆕 منتج جديد: علاقي مودرن اسود+ذهبي E14*9...
2025-12-17 02:47:30,147 - __main__ - INFO - 🆕 منتج جديد: علاقي مودرن ذهبي E14*10...
2025-12-17 02:47:30,147 - __main__ - INFO - 🆕 منتج جديد: علاقي مودرن ذهبي E14*14 مقاس 1000*350 ملم...
2025-12-17 02:47:30,147 - __main__ - INFO - 🆕 منتج جديد: علاقي مودرن ذهبي E14*14 مقاس 1000*350 ملم...
2025-12-17 02:47:30,147 - __main__ - INFO - 🆕 منتج جديد: علاقي مودرن ذهبي E14*15...
2025-12-17 02:47:30,147 - __main__ - INFO - 🆕 منتج جديد: علاقي مودرن ذهبي E14*15...
2025-12-17 02:47:30,147 - __main__ - INFO - 🆕 منتج جديد: علاقي مودرن ذهبي E14*15...
2025-12-17 02:47:30,147 - __main__ - INFO - 🆕 منتج جديد: علاقي مودرن ذهبي E14*22...
2025-12-17 02:47:30,147 - __main__ - INFO - 🆕 منتج جديد: علاقي مودرن ذهبي E14*22...
2025-12-17 02:47:30,148 - __main__ - INFO - 🆕 منتج جديد: علاقي مودرن ذهبي E14*5...
2025-12-17 02:47:30,148 - __main__ - INFO - 🆕 منتج جديد: علاقي مودرن ذهبي E14*5...
2025-12-17 02:47:30,148 - __main__ - INFO - 🆕 منتج جديد: علاقي مودرن ذهبي E14*5...
2025-12-17 02:47:30,148 - __main__ - INFO - 🆕 منتج جديد: علاقي مودرن ذهبي E14*9...
2025-12-17 02:47:30,148 - __main__ - INFO - 🆕 منتج جديد: علاقي مودرن ذهبي E14*9...
2025-12-17 02:47:30,148 - __main__ - INFO - 🆕 منتج جديد: علاقي مودرن ذهبي E14*9...
2025-12-17 02:47:30,148 - __main__ - INFO - 🆕 منتج جديد: نجف علاقي كريستال ذهبي E14*3...
2025-12-17 02:47:30,148 - __main__ - INFO - 🆕 منتج جديد: علاقي مودرن اسود + ذهبي 800*300 E14*10...
2025-12-17 02:47:30,148 - __main__ - INFO - 🆕 منتج جديد: علاقي مودرن اسود + ذهبي E14*10...
2025-12-17 02:47:30,148 - __main__ - INFO - 🆕 منتج جديد: علاقي مودرن اسود + ذهبي E14*15...
2025-12-17 02:47:30,148 - __main__ - INFO - 🆕 منتج جديد: علاقي مودرن اسود + ذهبي E14*5...
2025-12-17 02:47:30,148 - __main__ - INFO - 🆕 منتج جديد: علاقي مودرن اسود + ذهبي E14*9...
2025-12-17 02:47:30,148 - __main__ - INFO - 🆕 منتج جديد: علاقي مودرن ذهبي + اسود 800*300 E14*10...
2025-12-17 02:47:30,148 - __main__ - INFO - 🆕 منتج جديد: علاقي مودرن ذهبي + اسود E14*5...
2025-12-17 02:47:30,149 - __main__ - INFO - 🆕 منتج جديد: علاقي مودرن ذهبي + اسود E14*9...
2025-12-17 02:47:30,149 - __main__ - INFO - 🆕 منتج جديد: علاقي مودرن ذهبي E14*10...
2025-12-17 02:47:30,149 - __main__ - INFO - 🆕 منتج جديد: علاقي مودرن ذهبي E14*10...
2025-12-17 02:47:30,149 - __main__ - INFO - 🆕 منتج جديد: علاقي مودرن ذهبي E14*10...
2025-12-17 02:47:30,149 - __main__ - INFO - 🆕 منتج جديد: علاقي مودرن ذهبي E14*10...
2025-12-17 02:47:30,149 - __main__ - INFO - 🆕 منتج جديد: علاقي مودرن ذهبي E14*14 مقاس 1000*350 ملم...
2025-12-17 02:47:30,149 - __main__ - INFO - 🆕 منتج جديد: علاقي مودرن ذهبي E14*14 مقاس 1000*350 ملم...
2025-12-17 02:47:30,149 - __main__ - INFO - 🆕 منتج جديد: علاقي مودرن ذهبي E14*14 مقاس 1000*350 ملم...
2025-12-17 02:47:30,149 - __main__ - INFO - 🆕 منتج جديد: علاقي مودرن ذهبي E14*14 مقاس 1000*350 ملم...
2025-12-17 02:47:30,149 - __main__ - INFO - 🆕 منتج جديد: علاقي مودرن ذهبي E14*15...
2025-12-17 02:47:30,149 - __main__ - INFO - 🆕 منتج جديد: علاقي مودرن ذهبي E14*15...
2025-12-17 02:47:30,149 - __main__ - INFO - 🆕 منتج جديد: علاقي مودرن ذهبي E14*15...
2025-12-17 02:47:30,149 - __main__ - INFO - 🆕 منتج جديد: علاقي مودرن ذهبي E14*22...
2025-12-17 02:47:30,149 - __main__ - INFO - 🆕 منتج جديد: علاقي مودرن ذهبي E14*22...
2025-12-17 02:47:30,149 - __main__ - INFO - 🆕 منتج جديد: علاقي مودرن ذهبي E14*22...
2025-12-17 02:47:30,149 - __main__ - INFO - 🆕 منتج جديد: علاقي مودرن ذهبي E14*22...
2025-12-17 02:47:30,150 - __main__ - INFO - 🆕 منتج جديد: علاقي مودرن ذهبي E14*5...
2025-12-17 02:47:30,150 - __main__ - INFO - 🆕 منتج جديد: علاقي مودرن ذهبي E14*5...
2025-12-17 02:47:30,150 - __main__ - INFO - 🆕 منتج جديد: علاقي مودرن ذهبي E14*5...
2025-12-17 02:47:30,150 - __main__ - INFO - 🆕 منتج جديد: علاقي مودرن ذهبي E14*5...
2025-12-17 02:47:30,150 - __main__ - INFO - 🆕 منتج جديد: علاقي مودرن ذهبي E14*5...
2025-12-17 02:47:30,150 - __main__ - INFO - 🆕 منتج جديد: علاقي مودرن ذهبي E14*9...
2025-12-17 02:47:30,150 - __main__ - INFO - 🆕 منتج جديد: علاقي مودرن ذهبي E14*9...
2025-12-17 02:47:30,150 - __main__ - INFO - 🆕 منتج جديد: علاقي مودرن ذهبي E14*9...
2025-12-17 02:47:30,150 - __main__ - INFO - 🆕 منتج جديد: علاقي مودرن ذهبي E14*9...
2025-12-17 02:47:30,150 - __main__ - INFO - 🆕 منتج جديد: علاقي مودرن ذهبي E14*10...
2025-12-17 02:47:30,150 - __main__ - INFO - 🆕 منتج جديد: علاقي مودرن ذهبي E14*10...
2025-12-17 02:47:30,150 - __main__ - INFO - 🆕 منتج جديد: علاقي مودرن ذهبي E14*13...
2025-12-17 02:47:30,150 - __main__ - INFO - 🆕 منتج جديد: علاقي مودرن ذهبي E14*14...
2025-12-17 02:47:30,151 - __main__ - INFO - 🆕 منتج جديد: علاقي مودرن ذهبي E14*14 مقاس 1000*350 ملم...
2025-12-17 02:47:30,151 - __main__ - INFO - 🆕 منتج جديد: علاقي مودرن ذهبي E14*15...
2025-12-17 02:47:30,151 - __main__ - INFO - 🆕 منتج جديد: علاقي مودرن ذهبي E14*18...
2025-12-17 02:47:30,151 - __main__ - INFO - 🆕 منتج جديد: علاقي مودرن ذهبي E14*18...
2025-12-17 02:47:30,151 - __main__ - INFO - 🆕 منتج جديد: علاقي مودرن ذهبي E14*22...
2025-12-17 02:47:30,151 - __main__ - INFO - 🆕 منتج جديد: علاقي مودرن ذهبي E14*6...
2025-12-17 02:47:30,151 - __main__ - INFO - 🆕 منتج جديد: علاقي مودرن فضي E14*9 مقاس 600 ملم...
2025-12-17 02:47:30,151 - __main__ - INFO - 🆕 منتج جديد: علاقي مودرن ذهبي E14*18 مقاس 800 ملم...
2025-12-17 02:47:30,151 - __main__ - INFO - 🆕 منتج جديد: علاقي مودرن ذهبي E14*12 مقاس 600 ملم...
2025-12-17 02:47:30,151 - __main__ - INFO - 🆕 منتج جديد: نجف علاقي كريستال فضي E14*9L مقاس 60 سم...
2025-12-17 02:47:30,151 - __main__ - INFO - 🆕 منتج جديد: علاقي مودرن ذهبي E14*22 مقاس 1000 ملم...
2025-12-17 02:47:30,151 - __main__ - INFO - 🆕 منتج جديد: علاقي مودرن ذهبي E14*10 مقاس 800*300 ملم...
2025-12-17 02:47:30,151 - __main__ - INFO - 🆕 منتج جديد: علاقي مودرن ذهبي E14*10 مقاس 800*300 ملم...
2025-12-17 02:47:30,151 - __main__ - INFO - 🆕 منتج جديد: نجف مودرن ذهبي E14*9 مقاس 800*300 ملم...
2025-12-17 02:47:30,152 - __main__ - INFO - 🆕 منتج جديد: نجف مودرن 2 قطعتين ذهبي E14*21 مقاس 1000 ملم...
2025-12-17 02:47:30,152 - __main__ - INFO - 🆕 منتج جديد: نجف مودرن فضي E14*10 مقاس 800*300 ملم...
2025-12-17 02:47:30,152 - __main__ - INFO - 🆕 منتج جديد: نجف مودرن ذهبي E14*10 مقاس 800*300 ملم...
2025-12-17 02:47:30,152 - __main__ - INFO - 🆕 منتج جديد: نجف مودرن اسود E14*10 مقاس 800*300 ملم...
2025-12-17 02:47:30,152 - __main__ - INFO - 🆕 منتج جديد: نجف مودرن ذهبي E14*22 مقاس 1000 ملم...
2025-12-17 02:47:30,152 - __main__ - INFO - 🆕 منتج جديد: نجف مودرن فضي E14*15 مقاس 800 ملم...
2025-12-17 02:47:30,152 - __main__ - INFO - 🆕 منتج جديد: نجف مودرن اسود E14*15 مقاس 800 ملم...
2025-12-17 02:47:30,152 - __main__ - INFO - 🆕 منتج جديد: نجف مودرن ذهبي E14*15L مقاس 80 سم...
2025-12-17 02:47:30,152 - __main__ - INFO - 🆕 منتج جديد: نجف مودرن ذهبي E14*5L قطر 400 ملم...
2025-12-17 02:47:30,152 - __main__ - INFO - 🆕 منتج جديد: نجف مودرن غطاء اسود مع ذهبي E14*9L مقاس 60 سم...
2025-12-17 02:47:30,152 - __main__ - INFO - 🆕 منتج جديد: نجف مودرن ذهبي E14*9L مقاس 60 سم...
2025-12-17 02:47:30,152 - __main__ - INFO - 🆕 منتج جديد: نجف مودرن غطاء اسود مع ذهبي E14*5L قطر 400 ملم...
2025-12-17 02:47:30,152 - __main__ - INFO - 🆕 منتج جديد: نجف مودرن ذهبي E14*5L قطر 400 ملم...
2025-12-17 02:47:30,153 - __main__ - INFO - 🆕 منتج جديد: نجف مودرن ذهبي 400 E14*5...
2025-12-17 02:47:30,153 - __main__ - INFO - 🆕 منتج جديد: نجف علاقي كريستال ذهبي E14*9L مقاس 60 سم...
2025-12-17 02:47:30,153 - __main__ - INFO - 🆕 منتج جديد: نجف علاقي كريستال فضي E14*5L قطر 400 ملم...
2025-12-17 02:47:30,153 - __main__ - INFO - 🆕 منتج جديد: نجف بتصميم أوربي من الكرستالات المتلألئة بغطاء ذهب...
2025-12-17 02:47:30,153 - __main__ - INFO - 🆕 منتج جديد: نجف مودرن اسود مع ذهبي 80 سم E14*14L...
2025-12-17 02:47:30,153 - __main__ - INFO - 🆕 منتج جديد: نجف مودرن ذهبي قطر 60 سم E14*9L...
2025-12-17 02:47:30,153 - __main__ - INFO - 🆕 منتج جديد: نجف مودرن فضي E14*15L مقاس 80 سم...
2025-12-17 02:47:30,153 - __main__ - INFO - 🆕 منتج جديد: نجف مودرن غطاء اسود مع ذهبي E14*15L مقاس 80 سم...
2025-12-17 02:47:30,153 - __main__ - INFO - 🆕 منتج جديد: نجف مودرن ذهبي E14*15L مقاس 80 سم...
2025-12-17 02:47:30,153 - __main__ - INFO - 🆕 منتج جديد: نجف مودرن فضي E14*15L قطر 80 سم...
2025-12-17 02:47:30,153 - __main__ - INFO - 🆕 منتج جديد: نجف مودرن ذهبي E14*16L قطر 80 سم...
2025-12-17 02:47:30,153 - __main__ - INFO - 🆕 منتج جديد: نجف مودرن غطاء لون ذهبي E14*16L قطر 80 سم...
2025-12-17 02:47:30,153 - __main__ - INFO - 🆕 منتج جديد: نجف مودرن فضي E14*15L قطر 800 ملم...
2025-12-17 02:47:30,153 - __main__ - INFO - 🆕 منتج جديد: نجف مودرن اسود مع ذهبي E14*9L قطر 600 ملم...
2025-12-17 02:47:30,154 - __main__ - INFO - 🆕 منتج جديد: نجف مودرن فضي E14*9L قطر 600 ملم...
2025-12-17 02:47:30,154 - __main__ - INFO - 🆕 منتج جديد: نجف مودرن ذهبي قطر 40 سم E14*5L...
2025-12-17 02:47:30,154 - __main__ - INFO - 💾 تحديث قاعدة البيانات...
2025-12-17 02:47:31,719 - __main__ - INFO - 📤 إرسال 337 إشعار...
2025-12-17 02:51:52,362 - __main__ - INFO - ✅ تم إرسال 337/337 إشعار (فشل: 0)
2025-12-17 02:51:52,367 - __main__ - INFO - 📊 إرسال تقرير الملخص...
2025-12-17 02:51:52,668 - __main__ - INFO - 
╔══════════════════════════════════════════════════╗
║              📊 تقرير الفحص النهائي               ║
╠══════════════════════════════════════════════════╣
║ ⏱️  المدة: 310.29 ثانية                          ║
║ 📦 إجمالي المنتجات: 337                        ║
║ ✅ المتوفرة: 329                               ║
║ ❌ غير المتوفرة: 8                             ║
║                                                  ║
║ 🔄 التغييرات المكتشفة:                           ║
║ • منتجات جديدة: 337                           ║
║ • نفاد كمية: 0                                ║
║ • عودة توفر: 0                                ║
║ • منتجات محذوفة: 0                           ║
║ • تغييرات أسعار: 0                           ║
╠══════════════════════════════════════════════════╣
║           ✅ اكتمل الفحص بنجاح                    ║
╚══════════════════════════════════════════════════╝
            
2025-12-17 03:11:51,669 - database - INFO - ✅ تم تجهيز قاعدة البيانات بنجاح
2025-12-17 03:11:51,670 - __main__ - INFO - 
╔══════════════════════════════════════════════════╗
║     🚀 بدء فحص المنتجات - 2025-12-17 03:11:51     ║
╚══════════════════════════════════════════════════╝
        
2025-12-17 03:11:51,670 - __main__ - INFO - 🔍 التحقق من الإعدادات...
2025-12-17 03:11:51,670 - __main__ - INFO - ✅ telegram_token: صحيح
2025-12-17 03:11:51,670 - __main__ - INFO - ✅ telegram_chat_id: صحيح
2025-12-17 03:11:51,670 - __main__ - INFO - ✅ category_url: صحيح
2025-12-17 03:11:51,670 - __main__ - INFO - 🔍 اختبار الاتصالات...
2025-12-17 03:11:51,670 - scraper - INFO - 📡 طلب الصفحة: https://almusbahlight.com/categories/888805/%D8%AB%D8%B1%D9%8A%D8%A7%D8%AA-%D9%83%D8%B1%D9%8A%D8%B3%D8%AA%D8%A7%D9%84 (محاولة 1/3)
2025-12-17 03:11:53,843 - scraper - INFO - ✅ الاتصال بالموقع ناجح
2025-12-17 03:11:54,195 - notifier - INFO - ✅ الاتصال بالتيليجرام ناجح - البوت: AlmusbahMonitor
2025-12-17 03:11:54,196 - __main__ - INFO - ✅ جميع الفحوصات نجحت!
2025-12-17 03:11:54,196 - __main__ - INFO - 💾 التحقق من النسخ الاحتياطية...
2025-12-17 03:11:54,197 - database - INFO - ✅ تم إنشاء نسخة احتياطية: backups/products_backup_20251217_031154.db
2025-12-17 03:11:54,197 - __main__ - INFO - 📂 تحميل البيانات المحفوظة...
2025-12-17 03:11:54,198 - __main__ - INFO - ✅ تم تحميل 337 منتج من قاعدة البيانات
2025-12-17 03:11:54,198 - __main__ - INFO - 🕷️ بدء سحب البيانات من الموقع...
2025-12-17 03:11:54,199 - scraper - INFO - 🚀 بدء فحص القسم: https://almusbahlight.com/categories/888805/%D8%AB%D8%B1%D9%8A%D8%A7%D8%AA-%D9%83%D8%B1%D9%8A%D8%B3%D8%AA%D8%A7%D9%84
2025-12-17 03:11:54,199 - scraper - INFO - 📡 طلب الصفحة: https://almusbahlight.com/categories/888805/%D8%AB%D8%B1%D9%8A%D8%A7%D8%AA-%D9%83%D8%B1%D9%8A%D8%B3%D8%AA%D8%A7%D9%84?page=1 (محاولة 1/3)
2025-12-17 03:11:55,316 - scraper - INFO - 📦 وجدت 24 منتج في الصفحة 1
2025-12-17 03:11:56,335 - scraper - INFO - 📡 طلب الصفحة: https://almusbahlight.com/categories/888805/%D8%AB%D8%B1%D9%8A%D8%A7%D8%AA-%D9%83%D8%B1%D9%8A%D8%B3%D8%AA%D8%A7%D9%84?page=2 (محاولة 1/3)
2025-12-17 03:11:56,637 - scraper - INFO - 📦 وجدت 24 منتج في الصفحة 2
2025-12-17 03:11:57,656 - scraper - INFO - 📡 طلب الصفحة: https://almusbahlight.com/categories/888805/%D8%AB%D8%B1%D9%8A%D8%A7%D8%AA-%D9%83%D8%B1%D9%8A%D8%B3%D8%AA%D8%A7%D9%84?page=3 (محاولة 1/3)
2025-12-17 03:12:00,042 - scraper - INFO - 📦 وجدت 24 منتج في الصفحة 3
2025-12-17 03:12:01,060 - scraper - INFO - 📡 طلب الصفحة: https://almusbahlight.com/categories/888805/%D8%AB%D8%B1%D9%8A%D8%A7%D8%AA-%D9%83%D8%B1%D9%8A%D8%B3%D8%AA%D8%A7%D9%84?page=4 (محاولة 1/3)
2025-12-17 03:12:01,321 - scraper - INFO - 📦 وجدت 24 منتج في الصفحة 4
2025-12-17 03:12:02,338 - scraper - INFO - 📡 طلب الصفحة: https://almusbahlight.com/categories/888805/%D8%AB%D8%B1%D9%8A%D8%A7%D8%AA-%D9%83%D8%B1%D9%8A%D8%B3%D8%AA%D8%A7%D9%84?page=5 (محاولة 1/3)
2025-12-17 03:12:03,427 - scraper - INFO - 📦 وجدت 24 منتج في الصفحة 5
2025-12-17 03:12:04,444 - scraper - INFO - 📡 طلب الصفحة: https://almusbahlight.com/categories/888805/%D8%AB%D8%B1%D9%8A%D8%A7%D8%AA-%D9%83%D8%B1%D9%8A%D8%B3%D8%AA%D8%A7%D9%84?page=6 (محاولة 1/3)
2025-12-17 03:12:05,547 - scraper - INFO - 📦 وجدت 24 منتج في الصفحة 6
2025-12-17 03:12:06,571 - scraper - INFO - 📡 طلب الصفحة: https://almusbahlight.com/categories/888805/%D8%AB%D8%B1%D9%8A%D8%A7%D8%AA-%D9%83%D8%B1%D9%8A%D8%B3%D8%AA%D8%A7%D9%84?page=7 (محاولة 1/3)
2025-12-17 03:12:07,685 - scraper - INFO - 📦 وجدت 24 منتج في الصفحة 7
2025-12-17 03:12:08,702 - scraper - INFO - 📡 طلب الصفحة: https://almusbahlight.com/categories/888805/%D8%AB%D8%B1%D9%8A%D8%A7%D8%AA-%D9%83%D8%B1%D9%8A%D8%B3%D8%AA%D8%A7%D9%84?page=8 (محاولة 1/3)
2025-12-17 03:12:08,969 - scraper - INFO - 📦 وجدت 24 منتج في الصفحة 8
2025-12-17 03:12:09,988 - scraper - INFO - 📡 طلب الصفحة: https://almusbahlight.com/categories/888805/%D8%AB%D8%B1%D9%8A%D8%A7%D8%AA-%D9%83%D8%B1%D9%8A%D8%B3%D8%AA%D8%A7%D9%84?page=9 (محاولة 1/3)
2025-12-17 03:12:10,242 - scraper - INFO - 📦 وجدت 24 منتج في الصفحة 9
2025-12-17 03:12:11,258 - scraper - INFO - 📡 طلب الصفحة: https://almusbahlight.com/categories/888805/%D8%AB%D8%B1%D9%8A%D8%A7%D8%AA-%D9%83%D8%B1%D9%8A%D8%B3%D8%AA%D8%A7%D9%84?page=10 (محاولة 1/3)
2025-12-17 03:12:11,591 - scraper - INFO - 📦 وجدت 24 منتج في الصفحة 10
2025-12-17 03:12:12,607 - scraper - INFO - 📡 طلب الصفحة: https://almusbahlight.com/categories/888805/%D8%AB%D8%B1%D9%8A%D8%A7%D8%AA-%D9%83%D8%B1%D9%8A%D8%B3%D8%AA%D8%A7%D9%84?page=11 (محاولة 1/3)
2025-12-17 03:12:13,760 - scraper - INFO - 📦 وجدت 24 منتج في الصفحة 11
2025-12-17 03:12:14,780 - scraper - INFO - 📡 طلب الصفحة: https://almusbahlight.com/categories/888805/%D8%AB%D8%B1%D9%8A%D8%A7%D8%AA-%D9%83%D8%B1%D9%8A%D8%B3%D8%AA%D8%A7%D9%84?page=12 (محاولة 1/3)
2025-12-17 03:12:15,071 - scraper - INFO - 📦 وجدت 24 منتج في الصفحة 12
2025-12-17 03:12:16,094 - scraper - INFO - 📡 طلب الصفحة: https://almusbahlight.com/categories/888805/%D8%AB%D8%B1%D9%8A%D8%A7%D8%AA-%D9%83%D8%B1%D9%8A%D8%B3%D8%AA%D8%A7%D9%84?page=13 (محاولة 1/3)
2025-12-17 03:12:16,340 - scraper - INFO - 📦 وجدت 24 منتج في الصفحة 13
2025-12-17 03:12:17,359 - scraper - INFO - 📡 طلب الصفحة: https://almusbahlight.com/categories/888805/%D8%AB%D8%B1%D9%8A%D8%A7%D8%AA-%D9%83%D8%B1%D9%8A%D8%B3%D8%AA%D8%A7%D9%84?page=14 (محاولة 1/3)
2025-12-17 03:12:18,543 - scraper - INFO - 📦 وجدت 24 منتج في الصفحة 14
2025-12-17 03:12:19,561 - scraper - INFO - 📡 طلب الصفحة: https://almusbahlight.com/categories/888805/%D8%AB%D8%B1%D9%8A%D8%A7%D8%AA-%D9%83%D8%B1%D9%8A%D8%B3%D8%AA%D8%A7%D9%84?page=15 (محاولة 1/3)
2025-12-17 03:12:19,781 - scraper - INFO - 📦 وجدت 1 منتج في الصفحة 15
2025-12-17 03:12:19,782 - scraper - INFO - 🏁 تم الوصول لآخر صفحة
2025-12-17 03:12:19,783 - scraper - INFO - 
╔════════════════════════════════════════╗
║        تقرير السكرابر النهائي          ║
╠════════════════════════════════════════╣
║ 📄 الصفحات المعالجة:               15 ║
║ 📦 المنتجات المكتشفة:             337 ║
║ ❌ الأخطاء:                         0 ║
╚════════════════════════════════════════╝
        
2025-12-17 03:12:19,783 - __main__ - INFO - ✅ تم سحب 337 منتج من الموقع
2025-12-17 03:12:19,783 - __main__ - INFO - 🔍 تحليل التغييرات...
2025-12-17 03:12:19,783 - __main__ - INFO - 💰 تغيير سعر: نجف مودرن ذهبي قطر 80 سم E14*15L... (0.00 → 519.80)
2025-12-17 03:12:19,783 - __main__ - INFO - 💰 تغيير سعر: نجف شيمر لق كريستال ذهبي 40 سم E14*5L... (0.00 → 143.00)
2025-12-17 03:12:19,784 - __main__ - INFO - 💰 تغيير سعر: نجف مودرن ذهبي قطر 60 سم لون الانارة 3اضاءات 75 وا... (0.00 → 564.65)
2025-12-17 03:12:19,784 - __main__ - INFO - 💰 تغيير سعر: نجف مودرن ذهبي قطر 60 سم E14*10L... (0.00 → 447.35)
2025-12-17 03:12:19,784 - __main__ - INFO - 💰 تغيير سعر: نجف مودرن ذهبي قطر 40 سم E14*5L... (0.00 → 172.04)
2025-12-17 03:12:19,784 - __main__ - INFO - 💰 تغيير سعر: نجف مودرن ذهبي قطر 75 سم E14*5L... (0.00 → 460.00)
2025-12-17 03:12:19,784 - __main__ - INFO - 💰 تغيير سعر: نجف مودرن ذهبي مقاس 60 سم E14*9L... (0.00 → 466.90)
2025-12-17 03:12:19,784 - __main__ - INFO - 💰 تغيير سعر: نجف مودرن اسود مع ذهبي 100*35 سم E14*14L... (0.00 → 492.20)
2025-12-17 03:12:19,784 - __main__ - INFO - 💰 تغيير سعر: نجف مودرن فضي قطر 60 سم E14*9L... (0.00 → 310.85)
2025-12-17 03:12:19,784 - __main__ - INFO - 💰 تغيير سعر: نجف مودرن فضي قطر 60 سم E14*9L... (0.00 → 340.17)
2025-12-17 03:12:19,785 - __main__ - INFO - 💰 تغيير سعر: نجف مودرن فضي مقاس 60 سم E14*9L... (0.00 → 338.22)
2025-12-17 03:12:19,785 - __main__ - INFO - 💰 تغيير سعر: نجف مودرن فضي قطر 60 سم E14*9L... (0.00 → 322.00)
2025-12-17 03:12:19,785 - __main__ - INFO - 💰 تغيير سعر: نجف مودرن فضي قطر 40 سم E14*5L... (0.00 → 166.75)
2025-12-17 03:12:19,785 - __main__ - INFO - 💰 تغيير سعر: نجف مودرن فضي قطر 40 سم E14*5L... (0.00 → 162.13)
2025-12-17 03:12:19,785 - __main__ - INFO - 💰 تغيير سعر: نجف مودرن فضي قطر 40 سم E14*5L... (0.00 → 172.04)
2025-12-17 03:12:19,785 - __main__ - INFO - 💰 تغيير سعر: نجف مودرن فضي قطر 80 سم E14*15L... (0.00 → 492.20)
2025-12-17 03:12:19,785 - __main__ - INFO - 💰 تغيير سعر: نجف مودرن فضي قطر 80 سم E14*15L... (0.00 → 497.25)
2025-12-17 03:12:19,785 - __main__ - INFO - 💰 تغيير سعر: نجف مودرن فضي قطر 80 سم E14*15L... (0.00 → 497.25)
2025-12-17 03:12:19,786 - __main__ - INFO - 💰 تغيير سعر: نجف مودرن فضي قطر 60 سم E14*9L... (0.00 → 310.85)
2025-12-17 03:12:19,786 - __main__ - INFO - 💰 تغيير سعر: نجف مودرن فضي قطر 40 سم E14*5L... (0.00 → 162.13)
2025-12-17 03:12:19,786 - __main__ - INFO - 💰 تغيير سعر: نجف مودرن اسود مع ذهبي قطر 60 سم E14*9L... (0.00 → 310.85)
2025-12-17 03:12:19,786 - __main__ - INFO - 💰 تغيير سعر: نجف شيمر لق كريستال ذهبي 100 سم E14*12... (0.00 → 460.00)
2025-12-17 03:12:19,786 - __main__ - INFO - 💰 تغيير سعر: نجف مودرن قزاز ذهبي قطر 60 سم E14*9L... (0.00 → 387.09)
2025-12-17 03:12:19,786 - __main__ - INFO - 💰 تغيير سعر: نجف مودرن فضي قطر 60 سم E14*9L... (0.00 → 310.50)
2025-12-17 03:12:19,786 - __main__ - INFO - 💰 تغيير سعر: نجف مودرن اسود مع ذهبي قطر 40 سم E14*5L... (0.00 → 161.00)
2025-12-17 03:12:19,786 - __main__ - INFO - 💰 تغيير سعر: نجف مودرن اسود مع ذهبي مقاس 80 سم E14*15L... (0.00 → 519.80)
2025-12-17 03:12:19,786 - __main__ - INFO - 💰 تغيير سعر: نجف مودرن اسود مع ذهبي 80 سم E14*15... (0.00 → 497.25)
2025-12-17 03:12:19,786 - __main__ - INFO - 💰 تغيير سعر: نجف مودرن اسود مع ذهبي قطر 40 سم E14*5L... (0.00 → 162.13)
2025-12-17 03:12:19,787 - __main__ - INFO - 💰 تغيير سعر: نجف مودرن ذهبي قطر 80 سم E14*15L... (0.00 → 619.00)
2025-12-17 03:12:19,787 - __main__ - INFO - 💰 تغيير سعر: نجف مودرن ذهبي قطر 60 سم E14*9L... (0.00 → 287.50)
2025-12-17 03:12:19,787 - __main__ - INFO - 💰 تغيير سعر: نجف مودرن ذهبي مقاس 60 سم E14*9L... (0.00 → 310.85)
2025-12-17 03:12:19,787 - __main__ - INFO - 💰 تغيير سعر: نجف مودرن ذهبي قطر 60 سم E14*5L... (0.00 → 310.85)
2025-12-17 03:12:19,787 - __main__ - INFO - 💰 تغيير سعر: نجف مودرن ذهبي قطر 60 سم E14*9L... (0.00 → 340.17)
2025-12-17 03:12:19,787 - __main__ - INFO - 💰 تغيير سعر: نجف مودرن ذهبي قطر 60 سم E14*9L... (0.00 → 425.30)
2025-12-17 03:12:19,787 - __main__ - INFO - 💰 تغيير سعر: نجف مودرن ذهبي قطر 60 سم E14*9L... (0.00 → 322.00)
2025-12-17 03:12:19,787 - __main__ - INFO - 💰 تغيير سعر: نجف كريستال ذهبي قطر 40سم... (0.00 → 230.00)
2025-12-17 03:12:19,787 - __main__ - INFO - 💰 تغيير سعر: نجف مودرن ذهبي قطر 40 سم E14*5L... (0.00 → 162.13)
2025-12-17 03:12:19,788 - __main__ - INFO - 💰 تغيير سعر: نجف مودرن ذهبي قطر 80 سم E14*16L... (0.00 → 545.00)
2025-12-17 03:12:19,788 - __main__ - INFO - 💰 تغيير سعر: نجف مودرن ذهبي قطر 80 سم E14*15L... (0.00 → 525.90)
2025-12-17 03:12:19,788 - __main__ - INFO - 💰 تغيير سعر: نجف مودرن ذهبي مقاس 80 سم E14*15L... (0.00 → 490.00)
2025-12-17 03:12:19,788 - __main__ - INFO - 💰 تغيير سعر: نجف مودرن ذهبي قطر 80 سم E14*15L... (0.00 → 519.80)
2025-12-17 03:12:19,788 - __main__ - INFO - 💰 تغيير سعر: نجف مودرن ذهبي مقاس 80 سم E14*15L... (0.00 → 547.40)
2025-12-17 03:12:19,788 - __main__ - INFO - 💰 تغيير سعر: نجف مودرن ذهبي قطر 80 سم E14*15L... (0.00 → 533.72)
2025-12-17 03:12:19,788 - __main__ - INFO - 💰 تغيير سعر: نجف مودرن قطعتين ذهبي E14*15L قطر 80... (0.00 → 475.00)
2025-12-17 03:12:19,788 - __main__ - INFO - 💰 تغيير سعر: نجف مودرن ذهبي مقاس 80 سم E14*15L... (0.00 → 471.50)
2025-12-17 03:12:19,788 - __main__ - INFO - 💰 تغيير سعر: نجف مودرن ذهبي قطر 80 سم E14*15L... (0.00 → 519.80)
2025-12-17 03:12:19,788 - __main__ - INFO - 💰 تغيير سعر: ثريا شادو لايت قطر 40 سم ذهبي... (0.00 → 230.00)
2025-12-17 03:12:19,788 - __main__ - INFO - 💰 تغيير سعر: نجف مودرن ذهبي قطر 60 سم E14*10L... (0.00 → 340.17)
2025-12-17 03:12:19,788 - __main__ - INFO - 💰 تغيير سعر: نجف مودرن ذهبي قطر 80 سم E14*12L... (0.00 → 499.00)
2025-12-17 03:12:19,788 - __main__ - INFO - 💰 تغيير سعر: نجف مودرن ذهبي مستطيل 80*30 سم E14*10L... (0.00 → 359.95)
2025-12-17 03:12:19,789 - __main__ - INFO - 💰 تغيير سعر: نجف مودرن ذهبي قطر 80 سم E14*15... (0.00 → 517.25)
2025-12-17 03:12:19,789 - __main__ - INFO - 💰 تغيير سعر: نجف مودرن ذهبي قطر 60 سم E14*9L... (0.00 → 310.85)
2025-12-17 03:12:19,789 - __main__ - INFO - 💰 تغيير سعر: نجف اسود مع ذهبي قطر 60 سم E14*9L... (0.00 → 322.00)
2025-12-17 03:12:19,789 - __main__ - INFO - 💰 تغيير سعر: نجف مودرن اسود مع ذهبي قطر 80 سم E14*15L... (0.00 → 492.20)
2025-12-17 03:12:19,789 - __main__ - INFO - 💰 تغيير سعر: نجف مودرن أبيض مع ذهبي 100 سم E14*22L... (0.00 → 535.00)
2025-12-17 03:12:19,789 - __main__ - INFO - 💰 تغيير سعر: نجف كريستال ذهبي قطر 60 سم E14*9L... (0.00 → 492.20)
2025-12-17 03:12:19,789 - __main__ - INFO - 💰 تغيير سعر: نجف كريستال ذهبي  قطر 40 سم E14*5L... (0.00 → 258.75)
2025-12-17 03:12:19,789 - __main__ - INFO - 💰 تغيير سعر: نجف كريستال ذهبي قطر 80 سم E14*15L... (0.00 → 535.00)
2025-12-17 03:12:19,789 - __main__ - INFO - 💰 تغيير سعر: نجف كريستال ذهبي قطر 80*30 سم E14*10L... (0.00 → 497.95)
2025-12-17 03:12:19,789 - __main__ - INFO - 💰 تغيير سعر: نجف علاقي كريستال ذهبي قطر 60 سم E14... (0.00 → 471.50)
2025-12-17 03:12:19,790 - __main__ - INFO - 💰 تغيير سعر: نجف شيمر لق كريستال فضي 60 سم E14*9L... (0.00 → 299.00)
2025-12-17 03:12:19,790 - __main__ - INFO - 💰 تغيير سعر: نجف شيمر لق كريستال فضي 40 سم E14*5L... (0.00 → 143.00)
2025-12-17 03:12:19,790 - __main__ - INFO - 💰 تغيير سعر: نجف شيمر لق كريستال ذهبي 60 سم E14*9L... (0.00 → 299.00)
2025-12-17 03:12:19,790 - __main__ - INFO - 💰 تغيير سعر: نجف مودرن ذهبي مقاس 60 سم E14*9L... (0.00 → 461.15)
2025-12-17 03:12:19,790 - __main__ - INFO - 💰 تغيير سعر: ثريا لوكس جلو مقاس كريستال 50 سم ذهبي مودرن... (0.00 → 377.20)
2025-12-17 03:12:19,790 - __main__ - INFO - 💰 تغيير سعر: نجف كرستال عصري فضي E14*9 مقاس 600 ملم - بتصميم يب... (0.00 → 253.00)
2025-12-17 03:12:19,790 - __main__ - INFO - 💰 تغيير سعر: علاقي مودرن فضي E14*15... (0.00 → 375.00)
2025-12-17 03:12:19,790 - __main__ - INFO - 💰 تغيير سعر: نجف علاقي كريستال فضي E14*12L مقاس 1000 ملم... (0.00 → 517.50)
2025-12-17 03:12:19,790 - __main__ - INFO - 💰 تغيير سعر: نجف مودرن فضي E14*5 مقاس 400 ملم... (0.00 → 138.00)
2025-12-17 03:12:19,790 - __main__ - INFO - 💰 تغيير سعر: نجف مودرن فضي E14*9 مقاس 600 ملم... (0.00 → 253.00)
2025-12-17 03:12:19,790 - __main__ - INFO - 💰 تغيير سعر: علاقي مودرن فضي E14*9 مقاس 400 ملم... (0.00 → 149.50)
2025-12-17 03:12:19,790 - __main__ - INFO - 💰 تغيير سعر: علاقي مودرن فضي E14*10... (0.00 → 255.00)
2025-12-17 03:12:19,791 - __main__ - INFO - 💰 تغيير سعر: علاقي مودرن فضي+ سلفر E14*3... (0.00 → 74.30)
2025-12-17 03:12:19,791 - __main__ - INFO - 💰 تغيير سعر: علاقي مودرن فضي E14*3... (0.00 → 109.25)
2025-12-17 03:12:19,791 - __main__ - INFO - 💰 تغيير سعر: نجف علاقي كريستال فضي E14*3... (0.00 → 86.25)
2025-12-17 03:12:19,791 - __main__ - INFO - 💰 تغيير سعر: علاقي مودرن فضي E14*15... (0.00 → 529.00)
2025-12-17 03:12:19,791 - __main__ - INFO - 💰 تغيير سعر: علاقي مودرن فضي E14*5... (0.00 → 172.50)
2025-12-17 03:12:19,791 - __main__ - INFO - 💰 تغيير سعر: علاقي مودرن فضي E14*9... (0.00 → 310.50)
2025-12-17 03:12:19,791 - __main__ - INFO - 💰 تغيير سعر: علاقي مودرن فضي E14*10... (0.00 → 460.00)
2025-12-17 03:12:19,791 - __main__ - INFO - 💰 تغيير سعر: علاقي مودرن فضي E14*13... (0.00 → 632.50)
2025-12-17 03:12:19,791 - __main__ - INFO - 💰 تغيير سعر: علاقي مودرن فضي E14*18... (0.00 → 805.00)
2025-12-17 03:12:19,791 - __main__ - INFO - 💰 تغيير سعر: علاقي مودرن فضي E14*18... (0.00 → 1207.50)
2025-12-17 03:12:19,791 - __main__ - INFO - 💰 تغيير سعر: علاقي مودرن فضي E14*6... (0.00 → 393.25)
2025-12-17 03:12:19,791 - __main__ - INFO - 💰 تغيير سعر: علاقي مودرن اسود+ ذهبي E14*5... (0.00 → 155.40)
2025-12-17 03:12:19,791 - __main__ - INFO - 💰 تغيير سعر: علاقي مودرن ذهبي E14*5 قطر 40 سم... (0.00 → 149.50)
2025-12-17 03:12:19,791 - __main__ - INFO - 💰 تغيير سعر: نجف مودرن مستطيل اسود مع ذهبي E14 قطر 100*35 سم... (0.00 → 375.00)
2025-12-17 03:12:19,792 - __main__ - INFO - 💰 تغيير سعر: نجف مودرن اسود مع ذهبي E14*15L قطر 800 ملم... (0.00 → 414.00)
2025-12-17 03:12:19,792 - __main__ - INFO - 💰 تغيير سعر: علاقي مودرن فضي E14*15 مقاس 800 ملم... (0.00 → 391.00)
2025-12-17 03:12:19,792 - __main__ - INFO - 💰 تغيير سعر: علاقي مودرن ذهبي E14*10 مقاس 800*300 ملم... (0.00 → 253.00)
2025-12-17 03:12:19,792 - __main__ - INFO - 💰 تغيير سعر: نجف مودرن ذهبي E14*14 مقاس 1000*350 ملم... (0.00 → 310.50)
2025-12-17 03:12:19,792 - __main__ - INFO - 💰 تغيير سعر: علاقي مودرن ذهبي E14*14 مقاس 1000*350 ملم... (0.00 → 310.50)
2025-12-17 03:12:19,792 - __main__ - INFO - 💰 تغيير سعر: علاقي مودرن ذهبي E14*14 مقاس 1000*3500 ملم... (0.00 → 287.50)
2025-12-17 03:12:19,792 - __main__ - INFO - 💰 تغيير سعر: علاقي مودرن فضي E14*10... (0.00 → 253.00)
2025-12-17 03:12:19,792 - __main__ - INFO - 💰 تغيير سعر: نجف مودرن مستطيل ابيض مع ذهبي E14 قطر 100*35 سم... (0.00 → 375.00)
2025-12-17 03:12:19,792 - __main__ - INFO - 💰 تغيير سعر: نجف مودرن مستطيل فضي E14 قطر 100*35 سم... (0.00 → 375.00)
2025-12-17 03:12:19,792 - __main__ - INFO - 💰 تغيير سعر: علاقي مودرن فضي E14*14... (0.00 → 747.50)
2025-12-17 03:12:19,792 - __main__ - INFO - 💰 تغيير سعر: نجف مودرن مستطيل اسود مع ذهبي E14 قطر 100*35 سم... (0.00 → 375.00)
2025-12-17 03:12:19,792 - __main__ - INFO - 💰 تغيير سعر: نجف مودرن فضي 1000*350 E14*14L... (0.00 → 460.00)
2025-12-17 03:12:19,793 - __main__ - INFO - 💰 تغيير سعر: نجف مودرن ذهبي 1000*350 E14*14L... (0.00 → 460.00)
2025-12-17 03:12:19,793 - __main__ - INFO - 💰 تغيير سعر: نجف مودرن فضي E14*10L... (0.00 → 345.00)
2025-12-17 03:12:19,793 - __main__ - INFO - 💰 تغيير سعر: نجف مودرن ذهبي E14*10L... (0.00 → 345.00)
2025-12-17 03:12:19,793 - __main__ - INFO - 💰 تغيير سعر: نجف مودرن فضي 300*800 E14*15... (0.00 → 310.50)
2025-12-17 03:12:19,793 - __main__ - INFO - 💰 تغيير سعر: نجف مودرن فضي 1000*350 E14*10L... (0.00 → 375.00)
2025-12-17 03:12:19,793 - __main__ - INFO - 💰 تغيير سعر: نجف مودرن ذهبي 1000*350 E14*10L... (0.00 → 375.00)
2025-12-17 03:12:19,793 - __main__ - INFO - 💰 تغيير سعر: نجف مودرن قطر 800*300 ملم اسود مع ذهبي E14*10L... (0.00 → 253.00)
2025-12-17 03:12:19,793 - __main__ - INFO - 💰 تغيير سعر: نجف مودرن 800*300 فضي E14*10L... (0.00 → 253.00)
2025-12-17 03:12:19,793 - __main__ - INFO - 💰 تغيير سعر: نجف مودرن ذهبي E14*10L مقاس 80*30 سم... (0.00 → 368.00)
2025-12-17 03:12:19,793 - __main__ - INFO - 💰 تغيير سعر: نجف مودرن فضي E14*10L قطر 80*30 سم... (0.00 → 368.00)
2025-12-17 03:12:19,794 - __main__ - INFO - 💰 تغيير سعر: علاقي مودرن ذهبي E14*9 قطر 60 سم... (0.00 → 460.00)
2025-12-17 03:12:19,794 - __main__ - INFO - 💰 تغيير سعر: نجف مودرن ذهبي E14*22L مقاس قطر 100 سم... (0.00 → 1035.00)
2025-12-17 03:12:19,794 - __main__ - INFO - 💰 تغيير سعر: نجف مودرن ذهبي E14*5 قطر 40 سم... (0.00 → 253.00)
2025-12-17 03:12:19,794 - __main__ - INFO - 💰 تغيير سعر: نجف مودرن غطاء اسود مع ذهبي قطر 80 سم E14*15... (0.00 → 310.50)
2025-12-17 03:12:19,794 - __main__ - INFO - 💰 تغيير سعر: علاقي مودرن اسود E14*9 مقاس 600 ملم... (0.00 → 253.00)
2025-12-17 03:12:19,794 - __main__ - INFO - 💰 تغيير سعر: علاقي مودرن ذهبي E14*10 مقاس 800*300 ملم... (0.00 → 253.00)
2025-12-17 03:12:19,794 - __main__ - INFO - 💰 تغيير سعر: علاقي مودرن ذهبي E14*10 مقاس 800*300 ملم... (0.00 → 253.00)
2025-12-17 03:12:19,794 - __main__ - INFO - 💰 تغيير سعر: علاقي مودرن ذهبي E14*15 مقاس 800 ملم... (0.00 → 391.00)
2025-12-17 03:12:19,794 - __main__ - INFO - 💰 تغيير سعر: علاقي مودرن ذهبي E14*15 مقاس 800 ملم... (0.00 → 391.00)
2025-12-17 03:12:19,794 - __main__ - INFO - 💰 تغيير سعر: علاقي مودرن ذهبي E14*15 مقاس 800 ملم... (0.00 → 385.40)
2025-12-17 03:12:19,794 - __main__ - INFO - 💰 تغيير سعر: علاقي مودرن ذهبي E14*22 مقاس 1000 ملم... (0.00 → 575.00)
2025-12-17 03:12:19,794 - __main__ - INFO - 💰 تغيير سعر: علاقي مودرن ذهبي E14*5 مقاس 400 ملم... (0.00 → 149.50)
2025-12-17 03:12:19,794 - __main__ - INFO - 💰 تغيير سعر: علاقي مودرن ذهبي E14*9 قطر 60 سم... (0.00 → 253.00)
2025-12-17 03:12:19,794 - __main__ - INFO - 💰 تغيير سعر: علاقي مودرن ذهبي E14*9 مقاس 600 ملم... (0.00 → 253.00)
2025-12-17 03:12:19,795 - __main__ - INFO - 💰 تغيير سعر: علاقي مودرن فضي E14*9 مقاس 600 ملم... (0.00 → 253.00)
2025-12-17 03:12:19,795 - __main__ - INFO - 💰 تغيير سعر: نجف كريستالي مودرن ذهبي حجم 300*800 ملم و قاعدة لم... (0.00 → 310.50)
2025-12-17 03:12:19,795 - __main__ - INFO - 💰 تغيير سعر: نجف مودرن ذهبي E14*14 قطر 100*35 سم... (0.00 → 540.00)
2025-12-17 03:12:19,795 - __main__ - INFO - 💰 تغيير سعر: نجف مودرن ذهبي E14*15 قطر 80 سم... (0.00 → 713.00)
2025-12-17 03:12:19,795 - __main__ - INFO - 💰 تغيير سعر: نجف مودرن ذهبي E14*22 قطر 100 سم... (0.00 → 977.50)
2025-12-17 03:12:19,795 - __main__ - INFO - 💰 تغيير سعر: علاقي مودرن اسود E14*15 مقاس 800 ملم... (0.00 → 391.00)
2025-12-17 03:12:19,795 - __main__ - INFO - 💰 تغيير سعر: علاقي مودرن اسود E14*9 مقاس 600 ملم... (0.00 → 253.00)
2025-12-17 03:12:19,795 - __main__ - INFO - 💰 تغيير سعر: علاقي مودرن ذهبي E14*15 مقاس 800 ملم... (0.00 → 391.00)
2025-12-17 03:12:19,795 - __main__ - INFO - 💰 تغيير سعر: علاقي مودرن ذهبي E14*5 مقاس 400 ملم... (0.00 → 149.50)
2025-12-17 03:12:19,795 - __main__ - INFO - 💰 تغيير سعر: علاقي مودرن ذهبي E14*9 مقاس 600 ملم... (0.00 → 253.00)
2025-12-17 03:12:19,795 - __main__ - INFO - 💰 تغيير سعر: علاقي مودرن اسود E14*10 مقاس 800*300 ملم... (0.00 → 253.00)
2025-12-17 03:12:19,795 - __main__ - INFO - 💰 تغيير سعر: علاقي مودرن ذهبي E14*10 مقاس 800*300 ملم... (0.00 → 253.00)
2025-12-17 03:12:19,795 - __main__ - INFO - 💰 تغيير سعر: علاقي مودرن ذهبي E14*15 مقاس 800 ملم... (0.00 → 391.00)
2025-12-17 03:12:19,795 - __main__ - INFO - 💰 تغيير سعر: علاقي مودرن ذهبي E14*22 مقاس 1000 ملم... (0.00 → 575.00)
2025-12-17 03:12:19,796 - __main__ - INFO - 💰 تغيير سعر: علاقي مودرن ذهبي E14*22 مقاس 1000 ملم... (0.00 → 598.00)
2025-12-17 03:12:19,796 - __main__ - INFO - 💰 تغيير سعر: علاقي مودرن ذهبي E14*5 مقاس 400 ملم... (0.00 → 149.50)
2025-12-17 03:12:19,796 - __main__ - INFO - 💰 تغيير سعر: علاقي مودرن ذهبي E14*5 مقاس 400 ملم... (0.00 → 161.00)
2025-12-17 03:12:19,796 - __main__ - INFO - 💰 تغيير سعر: علاقي مودرن ذهبي E14*9 مقاس 600 ملم... (0.00 → 253.00)
2025-12-17 03:12:19,796 - __main__ - INFO - 💰 تغيير سعر: علاقي مودرن ذهبي E14*10 مقاس 800*300 ملم... (0.00 → 207.00)
2025-12-17 03:12:19,796 - __main__ - INFO - 💰 تغيير سعر: علاقي مودرن ذهبي E14*10 مقاس 800*300 ملم... (0.00 → 287.50)
2025-12-17 03:12:19,796 - __main__ - INFO - 💰 تغيير سعر: علاقي مودرن ذهبي E14*10 مقاس 800*300 ملم... (0.00 → 287.50)
2025-12-17 03:12:19,796 - __main__ - INFO - 💰 تغيير سعر: علاقي مودرن ذهبي E14*14 مقاس 1000*350 ملم... (0.00 → 391.00)
2025-12-17 03:12:19,796 - __main__ - INFO - 💰 تغيير سعر: علاقي مودرن ذهبي E14*14 مقاس 1000*350 ملم... (0.00 → 287.50)
2025-12-17 03:12:19,796 - __main__ - INFO - 💰 تغيير سعر: علاقي مودرن ذهبي E14*14 مقاس 1000*350 ملم... (0.00 → 379.66)
2025-12-17 03:12:19,796 - __main__ - INFO - 💰 تغيير سعر: علاقي مودرن ذهبي E14*14 مقاس 1000*350 ملم... (0.00 → 310.50)
2025-12-17 03:12:19,796 - __main__ - INFO - 💰 تغيير سعر: علاقي مودرن ذهبي E14*15 مقاس 800 ملم... (0.00 → 379.50)
2025-12-17 03:12:19,796 - __main__ - INFO - 💰 تغيير سعر: علاقي مودرن ذهبي E14*15 مقاس 800 ملم... (0.00 → 495.00)
2025-12-17 03:12:19,796 - __main__ - INFO - 💰 تغيير سعر: علاقي مودرن ذهبي E14*15 مقاس 800 ملم... (0.00 → 414.00)
2025-12-17 03:12:19,797 - __main__ - INFO - 💰 تغيير سعر: علاقي مودرن ذهبي E14*22 مقاس 1000 ملم... (0.00 → 575.00)
2025-12-17 03:12:19,797 - __main__ - INFO - 💰 تغيير سعر: علاقي مودرن ذهبي E14*22 مقاس 1000 ملم... (0.00 → 628.30)
2025-12-17 03:12:19,797 - __main__ - INFO - 💰 تغيير سعر: علاقي مودرن ذهبي E14*5 مقاس 400 ملم... (0.00 → 115.00)
2025-12-17 03:12:19,797 - __main__ - INFO - 💰 تغيير سعر: علاقي مودرن ذهبي E14*5 مقاس 400 ملم... (0.00 → 184.00)
2025-12-17 03:12:19,797 - __main__ - INFO - 💰 تغيير سعر: علاقي مودرن ذهبي E14*5 مقاس 400 ملم... (0.00 → 149.00)
2025-12-17 03:12:19,797 - __main__ - INFO - 💰 تغيير سعر: علاقي مودرن ذهبي E14*5 مقاس 400 ملم... (0.00 → 161.00)
2025-12-17 03:12:19,797 - __main__ - INFO - 💰 تغيير سعر: علاقي مودرن ذهبي E14*5 مقاس 400 ملم... (0.00 → 253.00)
2025-12-17 03:12:19,797 - __main__ - INFO - 💰 تغيير سعر: علاقي مودرن ذهبي E14*5 مقاس 600 ملم... (0.00 → 310.50)
2025-12-17 03:12:19,797 - __main__ - INFO - 💰 تغيير سعر: علاقي مودرن ذهبي E14*9 مقاس 600 ملم... (0.00 → 218.50)
2025-12-17 03:12:19,797 - __main__ - INFO - 💰 تغيير سعر: علاقي مودرن ذهبي E14*9 مقاس 600 ملم... (0.00 → 310.50)
2025-12-17 03:12:19,797 - __main__ - INFO - 💰 تغيير سعر: علاقي مودرن ذهبي E14*9 مقاس 600 ملم... (0.00 → 253.00)
2025-12-17 03:12:19,797 - __main__ - INFO - 💰 تغيير سعر: علاقي مودرن ذهبي E14*9 مقاس 600 ملم... (0.00 → 460.00)
2025-12-17 03:12:19,797 - __main__ - INFO - 💰 تغيير سعر: علاقي مودرن ذهبي E14*10 مقاس 800*300 ملم... (0.00 → 391.00)
2025-12-17 03:12:19,797 - __main__ - INFO - 💰 تغيير سعر: علاقي مودرن ذهبي E14*15 مقاس 800 ملم... (0.00 → 575.00)
2025-12-17 03:12:19,797 - __main__ - INFO - 💰 تغيير سعر: علاقي مودرن ذهبي E14*5 مقاس 400 ملم... (0.00 → 253.00)
2025-12-17 03:12:19,798 - __main__ - INFO - 💰 تغيير سعر: علاقي مودرن ذهبي E14*9 مقاس 600 ملم... (0.00 → 391.00)
2025-12-17 03:12:19,798 - __main__ - INFO - 💰 تغيير سعر: نجف مودرن ذهبي E14*5 مقاس 400 ملم... (0.00 → 253.00)
2025-12-17 03:12:19,798 - __main__ - INFO - 💰 تغيير سعر: نجف مودرن قطعتين ذهبي E14*5 مقاس 1000 ملم... (0.00 → 977.50)
2025-12-17 03:12:19,798 - __main__ - INFO - 💰 تغيير سعر: علاقي مودرن ذهبي E14*9 مقاس 600 ملم... (0.00 → 253.00)
2025-12-17 03:12:19,798 - __main__ - INFO - 💰 تغيير سعر: نجف مودرن 2 قطعتين ذهبي E14*15 مقاس 800 ملم... (0.00 → 862.50)
2025-12-17 03:12:19,798 - __main__ - INFO - 💰 تغيير سعر: نجف مودرن 2 قطعتين ذهبي E14*15 مقاس 800 ملم... (0.00 → 862.50)
2025-12-17 03:12:19,798 - __main__ - INFO - 💰 تغيير سعر: نجف مودرن ذهبي E14*5 مقاس 400 ملم... (0.00 → 345.00)
2025-12-17 03:12:19,798 - __main__ - INFO - 💰 تغيير سعر: نجف مودرن ذهبي E14*5 مقاس 400 ملم... (0.00 → 345.00)
2025-12-17 03:12:19,798 - __main__ - INFO - 💰 تغيير سعر: نجف مودرن ذهبي E14*9 مقاس 600 ملم... (0.00 → 598.50)
2025-12-17 03:12:19,798 - __main__ - INFO - 💰 تغيير سعر: نجف مودرن ذهبي E14*9 مقاس 600 ملم... (0.00 → 414.00)
2025-12-17 03:12:19,799 - __main__ - INFO - 💰 تغيير سعر: نجف مودرن ذهبي E14*9 مقاس 600 ملم... (0.00 → 598.50)
2025-12-17 03:12:19,799 - __main__ - INFO - 💰 تغيير سعر: علاقي مودرن اسود + ذهبي E14*10 مقاس 80*30 ملم... (0.00 → 253.00)
2025-12-17 03:12:19,799 - __main__ - INFO - 💰 تغيير سعر: علاقي مودرن اسود + ذهبي E14*15 مقاس 800 ملم... (0.00 → 375.00)
2025-12-17 03:12:19,799 - __main__ - INFO - 💰 تغيير سعر: علاقي مودرن اسود + ذهبي E14*5 مقاس 400 ملم... (0.00 → 161.00)
2025-12-17 03:12:19,799 - __main__ - INFO - 💰 تغيير سعر: علاقي مودرن اسود + ذهبي E14*9 مقاس 600 ملم... (0.00 → 253.00)
2025-12-17 03:12:19,799 - __main__ - INFO - 💰 تغيير سعر: علاقي مودرن ذهبي E14*10 مقاس 800*300 ملم... (0.00 → 253.00)
2025-12-17 03:12:19,799 - __main__ - INFO - 💰 تغيير سعر: علاقي مودرن ذهبي E14*10 مقاس 800*300 ملم... (0.00 → 253.00)
2025-12-17 03:12:19,799 - __main__ - INFO - 💰 تغيير سعر: علاقي مودرن ذهبي E14*10 مقاس 800*300 ملم... (0.00 → 253.00)
2025-12-17 03:12:19,799 - __main__ - INFO - 💰 تغيير سعر: علاقي مودرن ذهبي E14*14 مقاس 1000*300 ملم... (0.00 → 310.50)
2025-12-17 03:12:19,799 - __main__ - INFO - 💰 تغيير سعر: علاقي مودرن ذهبي E14*14 مقاس 1000*350 ملم... (0.00 → 345.00)
2025-12-17 03:12:19,799 - __main__ - INFO - 💰 تغيير سعر: علاقي مودرن ذهبي E14*15 مقاس 800 ملم... (0.00 → 649.75)
2025-12-17 03:12:19,799 - __main__ - INFO - 💰 تغيير سعر: علاقي مودرن ذهبي E14*15 مقاس 800 ملم... (0.00 → 379.50)
2025-12-17 03:12:19,799 - __main__ - INFO - 💰 تغيير سعر: علاقي مودرن ذهبي E14*15 مقاس 800 ملم... (0.00 → 379.50)
2025-12-17 03:12:19,799 - __main__ - INFO - 💰 تغيير سعر: علاقي مودرن ذهبي E14*22 مقاس 1000 ملم... (0.00 → 575.00)
2025-12-17 03:12:19,799 - __main__ - INFO - 💰 تغيير سعر: علاقي مودرن ذهبي E14*22 مقاس 1000 ملم... (0.00 → 598.00)
2025-12-17 03:12:19,800 - __main__ - INFO - 💰 تغيير سعر: علاقي مودرن ذهبي E14*5 مقاس 400 ملم... (0.00 → 149.50)
2025-12-17 03:12:19,800 - __main__ - INFO - 💰 تغيير سعر: علاقي مودرن ذهبي E14*9 مقاس 600 ملم... (0.00 → 253.00)
2025-12-17 03:12:19,800 - __main__ - INFO - 💰 تغيير سعر: علاقي مودرن ذهبي E14*5 مقاس 400 ملم... (0.00 → 149.50)
2025-12-17 03:12:19,800 - __main__ - INFO - 💰 تغيير سعر: علاقي مودرن ذهبي E14*9 قطر 60 سم... (0.00 → 253.00)
2025-12-17 03:12:19,800 - __main__ - INFO - 💰 تغيير سعر: علاقي مودرن ذهبي E14*9 مقاس 600 ملم... (0.00 → 287.50)
2025-12-17 03:12:19,800 - __main__ - INFO - 💰 تغيير سعر: نجف مودرن اسود E14*5 مقاس 400 ملم... (0.00 → 138.00)
2025-12-17 03:12:19,800 - __main__ - INFO - 💰 تغيير سعر: نجف مودرن اسود E14*9 مقاس 600 ملم... (0.00 → 253.00)
2025-12-17 03:12:19,800 - __main__ - INFO - 💰 تغيير سعر: نجف مودرن ذهبي E14*10 مقاس 800*300 ملم... (0.00 → 253.00)
2025-12-17 03:12:19,800 - __main__ - INFO - 💰 تغيير سعر: نجف مودرن ذهبي E14*10 مقاس 800*300 ملم... (0.00 → 345.00)
2025-12-17 03:12:19,800 - __main__ - INFO - 💰 تغيير سعر: نجف مودرن ذهبي E14*14 مقاس 1000*350 ملم... (0.00 → 345.00)
2025-12-17 03:12:19,800 - __main__ - INFO - 💰 تغيير سعر: نجف مودرن ذهبي E14*15 مقاس 800 ملم... (0.00 → 375.00)
2025-12-17 03:12:19,800 - __main__ - INFO - 💰 تغيير سعر: نجف مودرن ذهبي E14*15 مقاس 800 ملم... (0.00 → 345.00)
2025-12-17 03:12:19,800 - __main__ - INFO - 💰 تغيير سعر: نجف مودرن ذهبي E14*22 مقاس 1000 ملم... (0.00 → 450.00)
2025-12-17 03:12:19,800 - __main__ - INFO - 💰 تغيير سعر: نجف مودرن ذهبي E14*5 مقاس 400 ملم... (0.00 → 138.00)
2025-12-17 03:12:19,801 - __main__ - INFO - 💰 تغيير سعر: نجف مودرن ذهبي E14*5 مقاس 400 ملم... (0.00 → 138.00)
2025-12-17 03:12:19,801 - __main__ - INFO - 💰 تغيير سعر: نجف مودرن ذهبي E14*9 مقاس 600 ملم... (0.00 → 253.00)
2025-12-17 03:12:19,801 - __main__ - INFO - 💰 تغيير سعر: نجف مودرن ذهبي E14*9 مقاس 600 ملم... (0.00 → 253.00)
2025-12-17 03:12:19,801 - __main__ - INFO - 💰 تغيير سعر: علاقي مودرن اسود + ذهبيE14*10 800*300... (0.00 → 253.00)
2025-12-17 03:12:19,801 - __main__ - INFO - 💰 تغيير سعر: علاقي مودرن اسود + ذهبيE14*10 800*300... (0.00 → 345.00)
2025-12-17 03:12:19,801 - __main__ - INFO - 💰 تغيير سعر: علاقي مودرن اسود+ذهبي E14*3... (0.00 → 74.30)
2025-12-17 03:12:19,801 - __main__ - INFO - 💰 تغيير سعر: علاقي مودرن ذهبي E14*10... (0.00 → 345.00)
2025-12-17 03:12:19,801 - __main__ - INFO - 💰 تغيير سعر: علاقي مودرن ذهبي E14*10... (0.00 → 322.00)
2025-12-17 03:12:19,801 - __main__ - INFO - 💰 تغيير سعر: علاقي مودرن ذهبي E14*10... (0.00 → 299.00)
2025-12-17 03:12:19,801 - __main__ - INFO - 💰 تغيير سعر: علاقي مودرن ذهبي E14*10... (0.00 → 264.50)
2025-12-17 03:12:19,801 - __main__ - INFO - 💰 تغيير سعر: علاقي مودرن ذهبي E14*14 مقاس 1000*350 ملم... (0.00 → 310.50)
2025-12-17 03:12:19,801 - __main__ - INFO - 💰 تغيير سعر: علاقي مودرن ذهبي E14*14 مقاس 1000*350 ملم... (0.00 → 375.00)
2025-12-17 03:12:19,801 - __main__ - INFO - 💰 تغيير سعر: علاقي مودرن ذهبي E14*14 مقاس 1000*350 ملم... (0.00 → 375.00)
2025-12-17 03:12:19,802 - __main__ - INFO - 💰 تغيير سعر: علاقي مودرن ذهبي E14*15... (0.00 → 414.00)
2025-12-17 03:12:19,802 - __main__ - INFO - 💰 تغيير سعر: علاقي مودرن ذهبي E14*15... (0.00 → 391.00)
2025-12-17 03:12:19,802 - __main__ - INFO - 💰 تغيير سعر: علاقي مودرن ذهبي E14*15... (0.00 → 430.00)
2025-12-17 03:12:19,802 - __main__ - INFO - 💰 تغيير سعر: علاقي مودرن ذهبي E14*22... (0.00 → 632.50)
2025-12-17 03:12:19,802 - __main__ - INFO - 💰 تغيير سعر: علاقي مودرن ذهبي E14*22... (0.00 → 632.50)
2025-12-17 03:12:19,802 - __main__ - INFO - 💰 تغيير سعر: علاقي مودرن ذهبي E14*22... (0.00 → 632.50)
2025-12-17 03:12:19,802 - __main__ - INFO - 💰 تغيير سعر: علاقي مودرن ذهبي E14*3... (0.00 → 109.25)
2025-12-17 03:12:19,802 - __main__ - INFO - 💰 تغيير سعر: علاقي مودرن ذهبي E14*5... (0.00 → 155.00)
2025-12-17 03:12:19,802 - __main__ - INFO - 💰 تغيير سعر: علاقي مودرن ذهبي E14*5... (0.00 → 161.00)
2025-12-17 03:12:19,802 - __main__ - INFO - 💰 تغيير سعر: علاقي مودرن ذهبي E14*9... (0.00 → 275.00)
2025-12-17 03:12:19,802 - __main__ - INFO - 💰 تغيير سعر: علاقي مودرن ذهبي E14*9... (0.00 → 287.50)
2025-12-17 03:12:19,802 - __main__ - INFO - 💰 تغيير سعر: علاقي مودرن ذهبي E14*9... (0.00 → 253.00)
2025-12-17 03:12:19,803 - __main__ - INFO - 💰 تغيير سعر: علاقي مودرن ذهبيE14*10 800*300... (0.00 → 345.00)
2025-12-17 03:12:19,803 - __main__ - INFO - 💰 تغيير سعر: علاقي مودرن ذهبيE14*14 1000/350... (0.00 → 391.00)
2025-12-17 03:12:19,803 - __main__ - INFO - 💰 تغيير سعر: علاقي مودرن ذهبيE14*14 مقاس 1000*350 ملم... (0.00 → 287.50)
2025-12-17 03:12:19,803 - __main__ - INFO - 💰 تغيير سعر: علاقي مودرن ذهبيE14*15... (0.00 → 430.00)
2025-12-17 03:12:19,803 - __main__ - INFO - 💰 تغيير سعر: علاقي مودرن ذهبيE14*22... (0.00 → 632.50)
2025-12-17 03:12:19,803 - __main__ - INFO - 💰 تغيير سعر: علاقي مودرن ذهبيE14*5... (0.00 → 161.00)
2025-12-17 03:12:19,803 - __main__ - INFO - 💰 تغيير سعر: علاقي مودرن ذهبيE14*9... (0.00 → 287.50)
2025-12-17 03:12:19,803 - __main__ - INFO - 💰 تغيير سعر: علاقي مودرن اسود+ذهبي E14*15... (0.00 → 517.50)
2025-12-17 03:12:19,803 - __main__ - INFO - 💰 تغيير سعر: علاقي مودرن اسود+ذهبي E14*15... (0.00 → 414.00)
2025-12-17 03:12:19,803 - __main__ - INFO - 💰 تغيير سعر: علاقي مودرن اسود+ذهبي E14*15... (0.00 → 460.00)
2025-12-17 03:12:19,803 - __main__ - INFO - 💰 تغيير سعر: علاقي مودرن اسود+ذهبي E14*5... (0.00 → 172.50)
2025-12-17 03:12:19,804 - __main__ - INFO - 💰 تغيير سعر: علاقي مودرن اسود+ذهبي E14*5... (0.00 → 184.00)
2025-12-17 03:12:19,804 - __main__ - INFO - 💰 تغيير سعر: علاقي مودرن اسود+ذهبي E14*9... (0.00 → 287.50)
2025-12-17 03:12:19,804 - __main__ - INFO - 💰 تغيير سعر: علاقي مودرن اسود+ذهبي E14*9... (0.00 → 253.00)
2025-12-17 03:12:19,804 - __main__ - INFO - 💰 تغيير سعر: علاقي مودرن ذهبي E14*10... (0.00 → 325.00)
2025-12-17 03:12:19,804 - __main__ - INFO - 💰 تغيير سعر: علاقي مودرن ذهبي E14*14 مقاس 1000*350 ملم... (0.00 → 375.00)
2025-12-17 03:12:19,804 - __main__ - INFO - 💰 تغيير سعر: علاقي مودرن ذهبي E14*14 مقاس 1000*350 ملم... (0.00 → 310.50)
2025-12-17 03:12:19,804 - __main__ - INFO - 💰 تغيير سعر: علاقي مودرن ذهبي E14*15... (0.00 → 632.50)
2025-12-17 03:12:19,804 - __main__ - INFO - 💰 تغيير سعر: علاقي مودرن ذهبي E14*15... (0.00 → 414.00)
2025-12-17 03:12:19,804 - __main__ - INFO - 💰 تغيير سعر: علاقي مودرن ذهبي E14*15... (0.00 → 460.00)
2025-12-17 03:12:19,804 - __main__ - INFO - 💰 تغيير سعر: علاقي مودرن ذهبي E14*22... (0.00 → 632.50)
2025-12-17 03:12:19,804 - __main__ - INFO - 💰 تغيير سعر: علاقي مودرن ذهبي E14*22... (0.00 → 690.00)
2025-12-17 03:12:19,804 - __main__ - INFO - 💰 تغيير سعر: علاقي مودرن ذهبي E14*5... (0.00 → 184.00)
2025-12-17 03:12:19,804 - __main__ - INFO - 💰 تغيير سعر: علاقي مودرن ذهبي E14*5... (0.00 → 149.50)
2025-12-17 03:12:19,804 - __main__ - INFO - 💰 تغيير سعر: علاقي مودرن ذهبي E14*5... (0.00 → 172.50)
2025-12-17 03:12:19,805 - __main__ - INFO - 💰 تغيير سعر: علاقي مودرن ذهبي E14*9... (0.00 → 287.50)
2025-12-17 03:12:19,805 - __main__ - INFO - 💰 تغيير سعر: علاقي مودرن ذهبي E14*9... (0.00 → 253.00)
2025-12-17 03:12:19,805 - __main__ - INFO - 💰 تغيير سعر: علاقي مودرن ذهبي E14*9... (0.00 → 391.00)
2025-12-17 03:12:19,805 - __main__ - INFO - 💰 تغيير سعر: نجف علاقي كريستال ذهبي E14*3... (0.00 → 86.25)
2025-12-17 03:12:19,805 - __main__ - INFO - 💰 تغيير سعر: علاقي مودرن اسود + ذهبي 800*300 E14*10... (0.00 → 310.50)
2025-12-17 03:12:19,805 - __main__ - INFO - 💰 تغيير سعر: علاقي مودرن اسود + ذهبي E14*10... (0.00 → 325.00)
2025-12-17 03:12:19,805 - __main__ - INFO - 💰 تغيير سعر: علاقي مودرن اسود + ذهبي E14*15... (0.00 → 517.50)
2025-12-17 03:12:19,805 - __main__ - INFO - 💰 تغيير سعر: علاقي مودرن اسود + ذهبي E14*5... (0.00 → 172.50)
2025-12-17 03:12:19,805 - __main__ - INFO - 💰 تغيير سعر: علاقي مودرن اسود + ذهبي E14*9... (0.00 → 310.50)
2025-12-17 03:12:19,805 - __main__ - INFO - 💰 تغيير سعر: علاقي مودرن ذهبي + اسود 800*300 E14*10... (0.00 → 414.00)
2025-12-17 03:12:19,805 - __main__ - INFO - 💰 تغيير سعر: علاقي مودرن ذهبي + اسود E14*5... (0.00 → 218.50)
2025-12-17 03:12:19,805 - __main__ - INFO - 💰 تغيير سعر: علاقي مودرن ذهبي + اسود E14*9... (0.00 → 310.50)
2025-12-17 03:12:19,805 - __main__ - INFO - 💰 تغيير سعر: علاقي مودرن ذهبي E14*10... (0.00 → 310.50)
2025-12-17 03:12:19,805 - __main__ - INFO - 💰 تغيير سعر: علاقي مودرن ذهبي E14*10... (0.00 → 414.00)
2025-12-17 03:12:19,805 - __main__ - INFO - 💰 تغيير سعر: علاقي مودرن ذهبي E14*10... (0.00 → 414.00)
2025-12-17 03:12:19,805 - __main__ - INFO - 💰 تغيير سعر: علاقي مودرن ذهبي E14*10... (0.00 → 414.00)
2025-12-17 03:12:19,805 - __main__ - INFO - 💰 تغيير سعر: علاقي مودرن ذهبي E14*14 مقاس 1000*350 ملم... (0.00 → 517.50)
2025-12-17 03:12:19,805 - __main__ - INFO - 💰 تغيير سعر: علاقي مودرن ذهبي E14*14 مقاس 1000*350 ملم... (0.00 → 414.00)
2025-12-17 03:12:19,806 - __main__ - INFO - 💰 تغيير سعر: علاقي مودرن ذهبي E14*14 مقاس 1000*350 ملم... (0.00 → 517.50)
2025-12-17 03:12:19,806 - __main__ - INFO - 💰 تغيير سعر: علاقي مودرن ذهبي E14*14 مقاس 1000*350 ملم... (0.00 → 517.50)
2025-12-17 03:12:19,806 - __main__ - INFO - 💰 تغيير سعر: علاقي مودرن ذهبي E14*15... (0.00 → 620.00)
2025-12-17 03:12:19,806 - __main__ - INFO - 💰 تغيير سعر: علاقي مودرن ذهبي E14*15... (0.00 → 529.00)
2025-12-17 03:12:19,806 - __main__ - INFO - 💰 تغيير سعر: علاقي مودرن ذهبي E14*15... (0.00 → 529.00)
2025-12-17 03:12:19,806 - __main__ - INFO - 💰 تغيير سعر: علاقي مودرن ذهبي E14*22... (0.00 → 805.00)
2025-12-17 03:12:19,806 - __main__ - INFO - 💰 تغيير سعر: علاقي مودرن ذهبي E14*22... (0.00 → 736.00)
2025-12-17 03:12:19,806 - __main__ - INFO - 💰 تغيير سعر: علاقي مودرن ذهبي E14*22... (0.00 → 920.00)
2025-12-17 03:12:19,806 - __main__ - INFO - 💰 تغيير سعر: علاقي مودرن ذهبي E14*22... (0.00 → 920.00)
2025-12-17 03:12:19,806 - __main__ - INFO - 💰 تغيير سعر: علاقي مودرن ذهبي E14*5... (0.00 → 218.50)
2025-12-17 03:12:19,806 - __main__ - INFO - 💰 تغيير سعر: علاقي مودرن ذهبي E14*5... (0.00 → 230.00)
2025-12-17 03:12:19,806 - __main__ - INFO - 💰 تغيير سعر: علاقي مودرن ذهبي E14*5... (0.00 → 207.00)
2025-12-17 03:12:19,806 - __main__ - INFO - 💰 تغيير سعر: علاقي مودرن ذهبي E14*5... (0.00 → 172.50)
2025-12-17 03:12:19,806 - __main__ - INFO - 💰 تغيير سعر: علاقي مودرن ذهبي E14*5... (0.00 → 218.50)
2025-12-17 03:12:19,806 - __main__ - INFO - 💰 تغيير سعر: علاقي مودرن ذهبي E14*9... (0.00 → 345.00)
2025-12-17 03:12:19,806 - __main__ - INFO - 💰 تغيير سعر: علاقي مودرن ذهبي E14*9... (0.00 → 506.00)
2025-12-17 03:12:19,806 - __main__ - INFO - 💰 تغيير سعر: علاقي مودرن ذهبي E14*9... (0.00 → 391.00)
2025-12-17 03:12:19,806 - __main__ - INFO - 💰 تغيير سعر: علاقي مودرن ذهبي E14*9... (0.00 → 310.50)
2025-12-17 03:12:19,806 - __main__ - INFO - 💰 تغيير سعر: علاقي مودرن ذهبي E14*10... (0.00 → 517.50)
2025-12-17 03:12:19,806 - __main__ - INFO - 💰 تغيير سعر: علاقي مودرن ذهبي E14*10... (0.00 → 460.00)
2025-12-17 03:12:19,806 - __main__ - INFO - 💰 تغيير سعر: علاقي مودرن ذهبي E14*13... (0.00 → 632.50)
2025-12-17 03:12:19,806 - __main__ - INFO - 💰 تغيير سعر: علاقي مودرن ذهبي E14*14... (0.00 → 770.50)
2025-12-17 03:12:19,806 - __main__ - INFO - 💰 تغيير سعر: علاقي مودرن ذهبي E14*14 مقاس 1000*350 ملم... (0.00 → 517.50)
2025-12-17 03:12:19,806 - __main__ - INFO - 💰 تغيير سعر: علاقي مودرن ذهبي E14*15... (0.00 → 632.50)
2025-12-17 03:12:19,806 - __main__ - INFO - 💰 تغيير سعر: علاقي مودرن ذهبي E14*18... (0.00 → 1150.00)
2025-12-17 03:12:19,807 - __main__ - INFO - 💰 تغيير سعر: علاقي مودرن ذهبي E14*18... (0.00 → 667.00)
2025-12-17 03:12:19,807 - __main__ - INFO - 💰 تغيير سعر: علاقي مودرن ذهبي E14*22... (0.00 → 667.00)
2025-12-17 03:12:19,807 - __main__ - INFO - 💰 تغيير سعر: علاقي مودرن ذهبي E14*6... (0.00 → 391.00)
2025-12-17 03:12:19,807 - __main__ - INFO - 💰 تغيير سعر: علاقي مودرن فضي E14*9 مقاس 600 ملم... (0.00 → 253.00)
2025-12-17 03:12:19,807 - __main__ - INFO - 💰 تغيير سعر: علاقي مودرن ذهبي E14*18 مقاس 800 ملم... (0.00 → 625.30)
2025-12-17 03:12:19,807 - __main__ - INFO - 💰 تغيير سعر: علاقي مودرن ذهبي E14*12 مقاس 600 ملم... (0.00 → 310.50)
2025-12-17 03:12:19,807 - __main__ - INFO - 💰 تغيير سعر: نجف علاقي كريستال فضي E14*9L مقاس 60 سم... (0.00 → 299.00)
2025-12-17 03:12:19,807 - __main__ - INFO - 💰 تغيير سعر: علاقي مودرن ذهبي E14*22 مقاس 1000 ملم... (0.00 → 575.00)
2025-12-17 03:12:19,807 - __main__ - INFO - 💰 تغيير سعر: علاقي مودرن ذهبي E14*10 مقاس 800*300 ملم... (0.00 → 310.50)
2025-12-17 03:12:19,807 - __main__ - INFO - 💰 تغيير سعر: علاقي مودرن ذهبي E14*10 مقاس 800*300 ملم... (0.00 → 310.50)
2025-12-17 03:12:19,807 - __main__ - INFO - 💰 تغيير سعر: نجف مودرن ذهبي E14*9 مقاس 800*300 ملم... (0.00 → 460.00)
2025-12-17 03:12:19,807 - __main__ - INFO - 💰 تغيير سعر: نجف مودرن 2 قطعتين ذهبي E14*21 مقاس 1000 ملم... (0.00 → 1265.00)
2025-12-17 03:12:19,807 - __main__ - INFO - 💰 تغيير سعر: نجف مودرن فضي E14*10 مقاس 800*300 ملم... (0.00 → 253.00)
2025-12-17 03:12:19,807 - __main__ - INFO - 💰 تغيير سعر: نجف مودرن ذهبي E14*10 مقاس 800*300 ملم... (0.00 → 253.00)
2025-12-17 03:12:19,807 - __main__ - INFO - 💰 تغيير سعر: نجف مودرن اسود E14*10 مقاس 800*300 ملم... (0.00 → 253.00)
2025-12-17 03:12:19,807 - __main__ - INFO - 💰 تغيير سعر: نجف مودرن ذهبي E14*22 مقاس 1000 ملم... (0.00 → 575.00)
2025-12-17 03:12:19,807 - __main__ - INFO - 💰 تغيير سعر: نجف مودرن فضي E14*15 مقاس 800 ملم... (0.00 → 345.00)
2025-12-17 03:12:19,807 - __main__ - INFO - 💰 تغيير سعر: نجف مودرن اسود E14*15 مقاس 800 ملم... (0.00 → 345.00)
2025-12-17 03:12:19,807 - __main__ - INFO - 💰 تغيير سعر: نجف مودرن ذهبي E14*15L مقاس 80 سم... (0.00 → 598.00)
2025-12-17 03:12:19,807 - __main__ - INFO - 💰 تغيير سعر: نجف مودرن ذهبي E14*5L قطر 400 ملم... (0.00 → 218.50)
2025-12-17 03:12:19,807 - __main__ - INFO - 💰 تغيير سعر: نجف مودرن غطاء اسود مع ذهبي E14*9L مقاس 60 سم... (0.00 → 287.50)
2025-12-17 03:12:19,807 - __main__ - INFO - 💰 تغيير سعر: نجف مودرن ذهبي E14*9L مقاس 60 سم... (0.00 → 287.50)
2025-12-17 03:12:19,807 - __main__ - INFO - 💰 تغيير سعر: نجف مودرن غطاء اسود مع ذهبي E14*5L قطر 400 ملم... (0.00 → 138.00)
2025-12-17 03:12:19,807 - __main__ - INFO - 💰 تغيير سعر: نجف مودرن ذهبي E14*5L قطر 400 ملم... (0.00 → 138.00)
2025-12-17 03:12:19,807 - __main__ - INFO - 💰 تغيير سعر: نجف مودرن ذهبي 400 E14*5... (0.00 → 162.13)
2025-12-17 03:12:19,808 - __main__ - INFO - 💰 تغيير سعر: نجف علاقي كريستال ذهبي E14*9L مقاس 60 سم... (0.00 → 299.00)
2025-12-17 03:12:19,808 - __main__ - INFO - 💰 تغيير سعر: نجف علاقي كريستال فضي E14*5L قطر 400 ملم... (0.00 → 143.00)
2025-12-17 03:12:19,808 - __main__ - INFO - 💰 تغيير سعر: نجف بتصميم أوربي من الكرستالات المتلألئة بغطاء ذهب... (0.00 → 471.50)
2025-12-17 03:12:19,808 - __main__ - INFO - 💰 تغيير سعر: نجف مودرن اسود مع ذهبي 80 سم E14*14L... (0.00 → 471.50)
2025-12-17 03:12:19,808 - __main__ - INFO - 💰 تغيير سعر: نجف مودرن ذهبي قطر 60 سم E14*9L... (0.00 → 387.09)
2025-12-17 03:12:19,808 - __main__ - INFO - 💰 تغيير سعر: نجف مودرن فضي E14*15L مقاس 80 سم... (0.00 → 414.00)
2025-12-17 03:12:19,808 - __main__ - INFO - 💰 تغيير سعر: نجف مودرن غطاء اسود مع ذهبي E14*15L مقاس 80 سم... (0.00 → 414.00)
2025-12-17 03:12:19,808 - __main__ - INFO - 💰 تغيير سعر: نجف مودرن ذهبي E14*15L مقاس 80 سم... (0.00 → 414.00)
2025-12-17 03:12:19,808 - __main__ - INFO - 💰 تغيير سعر: نجف مودرن فضي E14*15L قطر 80 سم... (0.00 → 517.50)
2025-12-17 03:12:19,808 - __main__ - INFO - 💰 تغيير سعر: نجف مودرن ذهبي E14*16L قطر 80 سم... (0.00 → 690.00)
2025-12-17 03:12:19,808 - __main__ - INFO - 💰 تغيير سعر: نجف مودرن غطاء لون ذهبي E14*16L قطر 80 سم... (0.00 → 690.00)
2025-12-17 03:12:19,808 - __main__ - INFO - 💰 تغيير سعر: نجف مودرن فضي E14*15L قطر 800 ملم... (0.00 → 287.50)
2025-12-17 03:12:19,808 - __main__ - INFO - 💰 تغيير سعر: نجف مودرن اسود مع ذهبي E14*9L قطر 600 ملم... (0.00 → 287.50)
2025-12-17 03:12:19,808 - __main__ - INFO - 💰 تغيير سعر: نجف مودرن فضي E14*9L قطر 600 ملم... (0.00 → 287.50)
2025-12-17 03:12:19,808 - __main__ - INFO - 💰 تغيير سعر: نجف مودرن ذهبي قطر 40 سم E14*5L... (0.00 → 225.45)
2025-12-17 03:12:19,808 - __main__ - INFO - 💾 تحديث قاعدة البيانات...
2025-12-17 03:12:21,419 - __main__ - INFO - 📤 إرسال 337 إشعار...
2025-12-17 03:16:36,358 - database - INFO - ✅ تم تجهيز قاعدة البيانات بنجاح
2025-12-17 03:16:36,358 - __main__ - INFO - 
╔══════════════════════════════════════════════════╗
║     🚀 بدء فحص المنتجات - 2025-12-17 03:16:36     ║
╚══════════════════════════════════════════════════╝
        
2025-12-17 03:16:36,358 - __main__ - INFO - 🔍 التحقق من الإعدادات...
2025-12-17 03:16:36,358 - __main__ - INFO - ✅ telegram_token: صحيح
2025-12-17 03:16:36,358 - __main__ - INFO - ✅ telegram_chat_id: صحيح
2025-12-17 03:16:36,358 - __main__ - INFO - ✅ category_url: صحيح
2025-12-17 03:16:36,359 - __main__ - INFO - 🔍 اختبار الاتصالات...
2025-12-17 03:16:36,359 - scraper - INFO - 📡 طلب الصفحة: https://almusbahlight.com/categories/888805/%D8%AB%D8%B1%D9%8A%D8%A7%D8%AA-%D9%83%D8%B1%D9%8A%D8%B3%D8%AA%D8%A7%D9%84 (محاولة 1/3)
2025-12-17 03:16:36,747 - scraper - INFO - ✅ الاتصال بالموقع ناجح
2025-12-17 03:16:37,053 - notifier - INFO - ✅ الاتصال بالتيليجرام ناجح - البوت: AlmusbahMonitor
2025-12-17 03:16:37,054 - __main__ - INFO - ✅ جميع الفحوصات نجحت!
2025-12-17 03:16:37,054 - __main__ - INFO - 💾 التحقق من النسخ الاحتياطية...
2025-12-17 03:16:37,054 - database - INFO - ✅ تم إنشاء نسخة احتياطية: backups/products_backup_20251217_031637.db
2025-12-17 03:16:37,055 - __main__ - INFO - 📂 تحميل البيانات المحفوظة...
2025-12-17 03:16:37,055 - __main__ - INFO - 🆕 هذا أول تشغيل - قاعدة البيانات فارغة
2025-12-17 03:16:37,055 - __main__ - INFO - 🕷️ بدء سحب البيانات من الموقع...
2025-12-17 03:16:37,055 - scraper - INFO - 🚀 بدء فحص القسم: https://almusbahlight.com/categories/888805/%D8%AB%D8%B1%D9%8A%D8%A7%D8%AA-%D9%83%D8%B1%D9%8A%D8%B3%D8%AA%D8%A7%D9%84
2025-12-17 03:16:37,055 - scraper - INFO - 📡 طلب الصفحة: https://almusbahlight.com/categories/888805/%D8%AB%D8%B1%D9%8A%D8%A7%D8%AA-%D9%83%D8%B1%D9%8A%D8%B3%D8%AA%D8%A7%D9%84?page=1 (محاولة 1/3)
2025-12-17 03:16:37,330 - scraper - INFO - 📦 وجدت 24 منتج في الصفحة 1
2025-12-17 03:16:38,350 - scraper - INFO - 📡 طلب الصفحة: https://almusbahlight.com/categories/888805/%D8%AB%D8%B1%D9%8A%D8%A7%D8%AA-%D9%83%D8%B1%D9%8A%D8%B3%D8%AA%D8%A7%D9%84?page=2 (محاولة 1/3)
2025-12-17 03:16:38,671 - scraper - INFO - 📦 وجدت 24 منتج في الصفحة 2
2025-12-17 03:16:39,695 - scraper - INFO - 📡 طلب الصفحة: https://almusbahlight.com/categories/888805/%D8%AB%D8%B1%D9%8A%D8%A7%D8%AA-%D9%83%D8%B1%D9%8A%D8%B3%D8%AA%D8%A7%D9%84?page=3 (محاولة 1/3)
2025-12-17 03:16:39,989 - scraper - INFO - 📦 وجدت 24 منتج في الصفحة 3
2025-12-17 03:16:41,009 - scraper - INFO - 📡 طلب الصفحة: https://almusbahlight.com/categories/888805/%D8%AB%D8%B1%D9%8A%D8%A7%D8%AA-%D9%83%D8%B1%D9%8A%D8%B3%D8%AA%D8%A7%D9%84?page=4 (محاولة 1/3)
2025-12-17 03:16:42,042 - scraper - INFO - 📦 وجدت 24 منتج في الصفحة 4
2025-12-17 03:16:43,059 - scraper - INFO - 📡 طلب الصفحة: https://almusbahlight.com/categories/888805/%D8%AB%D8%B1%D9%8A%D8%A7%D8%AA-%D9%83%D8%B1%D9%8A%D8%B3%D8%AA%D8%A7%D9%84?page=5 (محاولة 1/3)
2025-12-17 03:16:43,367 - scraper - INFO - 📦 وجدت 24 منتج في الصفحة 5
2025-12-17 03:16:44,385 - scraper - INFO - 📡 طلب الصفحة: https://almusbahlight.com/categories/888805/%D8%AB%D8%B1%D9%8A%D8%A7%D8%AA-%D9%83%D8%B1%D9%8A%D8%B3%D8%AA%D8%A7%D9%84?page=6 (محاولة 1/3)
2025-12-17 03:16:44,691 - scraper - INFO - 📦 وجدت 24 منتج في الصفحة 6
2025-12-17 03:16:45,707 - scraper - INFO - 📡 طلب الصفحة: https://almusbahlight.com/categories/888805/%D8%AB%D8%B1%D9%8A%D8%A7%D8%AA-%D9%83%D8%B1%D9%8A%D8%B3%D8%AA%D8%A7%D9%84?page=7 (محاولة 1/3)
2025-12-17 03:16:46,740 - scraper - INFO - 📦 وجدت 24 منتج في الصفحة 7
2025-12-17 03:16:47,762 - scraper - INFO - 📡 طلب الصفحة: https://almusbahlight.com/categories/888805/%D8%AB%D8%B1%D9%8A%D8%A7%D8%AA-%D9%83%D8%B1%D9%8A%D8%B3%D8%AA%D8%A7%D9%84?page=8 (محاولة 1/3)
2025-12-17 03:16:48,959 - scraper - INFO - 📦 وجدت 24 منتج في الصفحة 8
2025-12-17 03:16:49,978 - scraper - INFO - 📡 طلب الصفحة: https://almusbahlight.com/categories/888805/%D8%AB%D8%B1%D9%8A%D8%A7%D8%AA-%D9%83%D8%B1%D9%8A%D8%B3%D8%AA%D8%A7%D9%84?page=9 (محاولة 1/3)
2025-12-17 03:16:51,378 - scraper - INFO - 📦 وجدت 24 منتج في الصفحة 9
2025-12-17 03:16:52,394 - scraper - INFO - 📡 طلب الصفحة: https://almusbahlight.com/categories/888805/%D8%AB%D8%B1%D9%8A%D8%A7%D8%AA-%D9%83%D8%B1%D9%8A%D8%B3%D8%AA%D8%A7%D9%84?page=10 (محاولة 1/3)
2025-12-17 03:16:53,633 - scraper - INFO - 📦 وجدت 24 منتج في الصفحة 10
2025-12-17 03:16:54,649 - scraper - INFO - 📡 طلب الصفحة: https://almusbahlight.com/categories/888805/%D8%AB%D8%B1%D9%8A%D8%A7%D8%AA-%D9%83%D8%B1%D9%8A%D8%B3%D8%AA%D8%A7%D9%84?page=11 (محاولة 1/3)
2025-12-17 03:16:54,903 - scraper - INFO - 📦 وجدت 24 منتج في الصفحة 11
2025-12-17 03:16:55,921 - scraper - INFO - 📡 طلب الصفحة: https://almusbahlight.com/categories/888805/%D8%AB%D8%B1%D9%8A%D8%A7%D8%AA-%D9%83%D8%B1%D9%8A%D8%B3%D8%AA%D8%A7%D9%84?page=12 (محاولة 1/3)
2025-12-17 03:16:57,846 - scraper - INFO - 📦 وجدت 24 منتج في الصفحة 12
2025-12-17 03:16:58,867 - scraper - INFO - 📡 طلب الصفحة: https://almusbahlight.com/categories/888805/%D8%AB%D8%B1%D9%8A%D8%A7%D8%AA-%D9%83%D8%B1%D9%8A%D8%B3%D8%AA%D8%A7%D9%84?page=13 (محاولة 1/3)
2025-12-17 03:16:59,971 - scraper - INFO - 📦 وجدت 24 منتج في الصفحة 13
2025-12-17 03:17:00,998 - scraper - INFO - 📡 طلب الصفحة: https://almusbahlight.com/categories/888805/%D8%AB%D8%B1%D9%8A%D8%A7%D8%AA-%D9%83%D8%B1%D9%8A%D8%B3%D8%AA%D8%A7%D9%84?page=14 (محاولة 1/3)
2025-12-17 03:17:02,176 - scraper - INFO - 📦 وجدت 24 منتج في الصفحة 14
2025-12-17 03:17:03,195 - scraper - INFO - 📡 طلب الصفحة: https://almusbahlight.com/categories/888805/%D8%AB%D8%B1%D9%8A%D8%A7%D8%AA-%D9%83%D8%B1%D9%8A%D8%B3%D8%AA%D8%A7%D9%84?page=15 (محاولة 1/3)
2025-12-17 03:17:03,448 - scraper - INFO - 📦 وجدت 1 منتج في الصفحة 15
2025-12-17 03:17:03,449 - scraper - INFO - 🏁 تم الوصول لآخر صفحة
2025-12-17 03:17:03,449 - scraper - INFO - 
╔════════════════════════════════════════╗
║        تقرير السكرابر النهائي          ║
╠════════════════════════════════════════╣
║ 📄 الصفحات المعالجة:               15 ║
║ 📦 المنتجات المكتشفة:             337 ║
║ ❌ الأخطاء:                         0 ║
╚════════════════════════════════════════╝
        
2025-12-17 03:17:03,449 - __main__ - INFO - ✅ تم سحب 337 منتج من الموقع
2025-12-17 03:17:03,449 - __main__ - INFO - 🔍 تحليل التغييرات...
2025-12-17 03:17:03,450 - __main__ - INFO - 💾 تحديث قاعدة البيانات...
2025-12-17 03:17:05,028 - __main__ - INFO - 📤 إرسال رسالة التحميل الأولي (337 منتج)...
2025-12-17 03:17:05,298 - __main__ - INFO - ✅ تم إرسال رسالة التحميل الأولي بنجاح
2025-12-17 03:17:05,303 - __main__ - INFO - 
╔══════════════════════════════════════════════════╗
║              📊 تقرير الفحص النهائي               ║
╠══════════════════════════════════════════════════╣
║ ⏱️  المدة: 28.95 ثانية                          ║
║ 🎯 نوع التشغيل: تحميل أولي                   ║
║ 📦 إجمالي المنتجات: 337                        ║
║ ✅ المتوفرة: 329                               ║
║ ❌ غير المتوفرة: 8                             ║
║                                                  ║
║ 🔄 التغييرات المكتشفة:                           ║
║ • منتجات جديدة: 337                           ║
║ • نفاد كمية: 0                                ║
║ • عودة توفر: 0                                ║
║ • منتجات محذوفة: 0                           ║
║ • تغييرات أسعار: 0                           ║
╠══════════════════════════════════════════════════╣
║           ✅ اكتمل الفحص بنجاح                    ║
╚══════════════════════════════════════════════════╝
            
